#-----------------------------------------------------------
# Vivado v2024.2 (64-bit)
# SW Build 5239630 on Fri Nov 08 22:35:27 MST 2024
# IP Build 5239520 on Sun Nov 10 16:12:51 MST 2024
# SharedData Build 5239561 on Fri Nov 08 14:39:27 MST 2024
# Start of session at: Tue Apr 22 12:41:01 2025
# Process ID         : 29492
# Current directory  : C:/Users/alexj/Downloads/Soc_FinalProject-Task2/project_2.xpr/project_2/project_2.tmp/myip_pong2_v1_0_project
# Command line       : vivado.exe -gui_launcher_event rodinguilauncherevent14848 C:\Users\alexj\Downloads\Soc_FinalProject-Task2\project_2.xpr\project_2\project_2.tmp\myip_pong2_v1_0_project\myip_pong2_v1_0_project.xpr
# Log file           : C:/Users/alexj/Downloads/Soc_FinalProject-Task2/project_2.xpr/project_2/project_2.tmp/myip_pong2_v1_0_project/vivado.log
# Journal file       : C:/Users/alexj/Downloads/Soc_FinalProject-Task2/project_2.xpr/project_2/project_2.tmp/myip_pong2_v1_0_project\vivado.jou
# Running On         : Alex_PC
# Platform           : Windows Server 2016 or Windows 10
# Operating System   : 26100
# Processor Detail   : Intel(R) Core(TM) 5 120U
# CPU Frequency      : 2496 MHz
# CPU Physical cores : 10
# CPU Logical cores  : 12
# Host memory        : 14729 MB
# Swap memory        : 13421 MB
# Total Virtual      : 28151 MB
# Available Virtual  : 13146 MB
#-----------------------------------------------------------
start_gui
open_project C:/Users/alexj/Downloads/Soc_FinalProject-Task2/project_2.xpr/project_2/project_2.tmp/myip_pong2_v1_0_project/myip_pong2_v1_0_project.xpr
INFO: [ProjectBase 1-489] The host OS only allows 260 characters in a normal path. The project is stored in a path with more than 80 characters. If you experience issues with IP, Block Designs, or files not being found, please consider moving the project to a location with a shorter path. Alternately consider using the OS subst command to map part of the path to a drive letter.
Current project path is 'C:/Users/alexj/Downloads/Soc_FinalProject-Task2/project_2.xpr/project_2/project_2.tmp/myip_pong2_v1_0_project'
Scanning sources...
Finished scanning sources
INFO: [IP_Flow 19-234] Refreshing IP repositories
INFO: [IP_Flow 19-1700] Loaded user IP repository 'c:/Users/alexj/Downloads/Soc_FinalProject-Task2/project_2.xpr/project_2/project_2.ipdefs/ip_repo'.
INFO: [IP_Flow 19-1700] Loaded user IP repository 'c:/Users/alexj/Downloads/Soc_FinalProject-Task2/project_2.xpr/project_2/project_2.ipdefs/pong_ip2'.
INFO: [IP_Flow 19-1700] Loaded user IP repository 'c:/Users/alexj/Downloads/Soc_FinalProject-Task2/project_2.xpr/project_2/project_2.ipdefs/apb_ip'.
CRITICAL WARNING: [IP_Flow 19-11780] Skipping module reference component xilinx.com:module_ref:Debounce_Switch:1.0 found in user repository c:/Users/alexj/Desktop/Grad_school/Spring_2025/EEL5934_project_2_vivado/ip_repo/axi_pong_game/ip_repo 
CRITICAL WARNING: [IP_Flow 19-11780] Skipping module reference component xilinx.com:module_ref:Pong_Top2:1.0 found in user repository c:/Users/alexj/Desktop/Grad_school/Spring_2025/EEL5934_project_2_vivado/ip_repo/axi_pong_game/ip_repo 
CRITICAL WARNING: [IP_Flow 19-11780] Skipping module reference component xilinx.com:module_ref:Sync_To_Count2:1.0 found in user repository c:/Users/alexj/Desktop/Grad_school/Spring_2025/EEL5934_project_2_vivado/ip_repo/axi_pong_game/ip_repo 
CRITICAL WARNING: [IP_Flow 19-11780] Skipping module reference component xilinx.com:module_ref:VGA_Sync_Porch:1.0 found in user repository c:/Users/alexj/Desktop/Grad_school/Spring_2025/EEL5934_project_2_vivado/ip_repo/axi_pong_game/ip_repo 
CRITICAL WARNING: [IP_Flow 19-11780] Skipping module reference component xilinx.com:module_ref:VGA_Sync_Pulses:1.0 found in user repository c:/Users/alexj/Desktop/Grad_school/Spring_2025/EEL5934_project_2_vivado/ip_repo/axi_pong_game/ip_repo 
INFO: [IP_Flow 19-1700] Loaded user IP repository 'c:/Users/alexj/Desktop/Grad_school/Spring_2025/EEL5934_project_2_vivado/ip_repo/axi_pong_game/ip_repo'.
INFO: [IP_Flow 19-2313] Loaded Vivado IP repository 'C:/Xilinx/Vivado/2024.2/data/ip'.
INFO: [Project 1-5579] Found utility IPs instantiated in one or more block designs which have equivalent inline hdl with improved performance and reduced diskspace. It is recommended to migrate these utility IPs to inline hdl using the command upgrade_project -migrate_to_inline_hdl. The utility IPs may be deprecated in future releases. More information on inline hdl is available in UG994.
open_project: Time (s): cpu = 00:00:15 ; elapsed = 00:00:08 . Memory (MB): peak = 1126.703 ; gain = 75.066
update_compile_order -fileset sources_1
WARNING: [filemgmt 56-199] Attempt to get parsing info during refresh. "On-the-fly" syntax checking information may be incorrect. [C:\Users\alexj\Downloads\Soc_FinalProject-Task2\project_2.xpr\project_2\project_2.ipdefs\ip_repo\src\design_6_Pong_Top2_0_0.vhd:]
WARNING: [filemgmt 56-199] Attempt to get parsing info during refresh. "On-the-fly" syntax checking information may be incorrect. [C:\Users\alexj\Downloads\Soc_FinalProject-Task2\project_2.xpr\project_2\project_2.ipdefs\ip_repo\src\Pong_Top2.vhd:]
WARNING: [filemgmt 56-199] Attempt to get parsing info during refresh. "On-the-fly" syntax checking information may be incorrect. [C:\Users\alexj\Downloads\Soc_FinalProject-Task2\project_2.xpr\project_2\project_2.ipdefs\ip_repo\src\design_6.vhd:]
WARNING: [filemgmt 56-199] Attempt to get parsing info during refresh. "On-the-fly" syntax checking information may be incorrect. [C:\Users\alexj\Downloads\Soc_FinalProject-Task2\project_2.xpr\project_2\project_2.ipdefs\ip_repo\src\design_6_Pong_Top2_0_0.vhd:]
WARNING: [filemgmt 56-199] Attempt to get parsing info during refresh. "On-the-fly" syntax checking information may be incorrect. [C:\Users\alexj\Downloads\Soc_FinalProject-Task2\project_2.xpr\project_2\project_2.ipdefs\ip_repo\src\design_6_Pong_Top2_0_0.vhd:]
WARNING: [filemgmt 56-199] Attempt to get parsing info during refresh. "On-the-fly" syntax checking information may be incorrect. [C:\Users\alexj\Downloads\Soc_FinalProject-Task2\project_2.xpr\project_2\project_2.ipdefs\ip_repo\src\design_6_Pong_Top2_0_0.vhd:]
WARNING: [filemgmt 56-199] Attempt to get parsing info during refresh. "On-the-fly" syntax checking information may be incorrect. [C:\Users\alexj\Downloads\Soc_FinalProject-Task2\project_2.xpr\project_2\project_2.ipdefs\ip_repo\src\Pong_Top2.vhd:]
WARNING: [filemgmt 56-199] Attempt to get parsing info during refresh. "On-the-fly" syntax checking information may be incorrect. [C:\Users\alexj\Downloads\Soc_FinalProject-Task2\project_2.xpr\project_2\project_2.ipdefs\ip_repo\src\design_6.vhd:]
WARNING: [filemgmt 56-199] Attempt to get parsing info during refresh. "On-the-fly" syntax checking information may be incorrect. [C:\Users\alexj\Downloads\Soc_FinalProject-Task2\project_2.xpr\project_2\project_2.ipdefs\ip_repo\src\design_6.vhd:]
WARNING: [filemgmt 56-199] Attempt to get parsing info during refresh. "On-the-fly" syntax checking information may be incorrect. [C:\Users\alexj\Downloads\Soc_FinalProject-Task2\project_2.xpr\project_2\project_2.ipdefs\ip_repo\src\design_6.vhd:]
ERROR: [Common 17-180] Spawn failed: No error
WARNING: [filemgmt 56-199] Attempt to get parsing info during refresh. "On-the-fly" syntax checking information may be incorrect. [C:\Users\alexj\Downloads\Soc_FinalProject-Task2\project_2.xpr\project_2\project_2.ipdefs\ip_repo\src\design_6_Pong_Top2_0_0.vhd:]
WARNING: [filemgmt 56-199] Attempt to get parsing info during refresh. "On-the-fly" syntax checking information may be incorrect. [C:\Users\alexj\Downloads\Soc_FinalProject-Task2\project_2.xpr\project_2\project_2.ipdefs\ip_repo\src\myip_pong2_slave_lite_v1_0_S00_AXI.vhd:]
WARNING: [filemgmt 56-199] Attempt to get parsing info during refresh. "On-the-fly" syntax checking information may be incorrect. [C:\Users\alexj\Downloads\Soc_FinalProject-Task2\project_2.xpr\project_2\project_2.ipdefs\ip_repo\src\Pong_Top2.vhd:]
WARNING: [filemgmt 56-199] Attempt to get parsing info during refresh. "On-the-fly" syntax checking information may be incorrect. [C:\Users\alexj\Downloads\Soc_FinalProject-Task2\project_2.xpr\project_2\project_2.ipdefs\ip_repo\src\design_6.vhd:]
WARNING: [filemgmt 56-199] Attempt to get parsing info during refresh. "On-the-fly" syntax checking information may be incorrect. [C:\Users\alexj\Downloads\Soc_FinalProject-Task2\project_2.xpr\project_2\project_2.ipdefs\ip_repo\src\design_6_wrapper.vhd:]
WARNING: [filemgmt 56-199] Attempt to get parsing info during refresh. "On-the-fly" syntax checking information may be incorrect. [C:\Users\alexj\Downloads\Soc_FinalProject-Task2\project_2.xpr\project_2\project_2.ipdefs\ip_repo\src\design_6_Pong_Top2_0_0.vhd:]
WARNING: [filemgmt 56-199] Attempt to get parsing info during refresh. "On-the-fly" syntax checking information may be incorrect. [C:\Users\alexj\Downloads\Soc_FinalProject-Task2\project_2.xpr\project_2\project_2.ipdefs\ip_repo\src\design_6_Pong_Top2_0_0.vhd:]
WARNING: [filemgmt 56-199] Attempt to get parsing info during refresh. "On-the-fly" syntax checking information may be incorrect. [C:\Users\alexj\Downloads\Soc_FinalProject-Task2\project_2.xpr\project_2\project_2.ipdefs\ip_repo\src\design_6_Pong_Top2_0_0.vhd:]
WARNING: [filemgmt 56-199] Attempt to get parsing info during refresh. "On-the-fly" syntax checking information may be incorrect. [C:\Users\alexj\Downloads\Soc_FinalProject-Task2\project_2.xpr\project_2\project_2.ipdefs\ip_repo\src\myip_pong2_slave_lite_v1_0_S00_AXI.vhd:]
WARNING: [filemgmt 56-199] Attempt to get parsing info during refresh. "On-the-fly" syntax checking information may be incorrect. [C:\Users\alexj\Downloads\Soc_FinalProject-Task2\project_2.xpr\project_2\project_2.ipdefs\ip_repo\src\Pong_Top2.vhd:]
WARNING: [filemgmt 56-199] Attempt to get parsing info during refresh. "On-the-fly" syntax checking information may be incorrect. [C:\Users\alexj\Downloads\Soc_FinalProject-Task2\project_2.xpr\project_2\project_2.ipdefs\ip_repo\src\design_6.vhd:]
WARNING: [filemgmt 56-199] Attempt to get parsing info during refresh. "On-the-fly" syntax checking information may be incorrect. [C:\Users\alexj\Downloads\Soc_FinalProject-Task2\project_2.xpr\project_2\project_2.ipdefs\ip_repo\src\design_6_wrapper.vhd:]
WARNING: [filemgmt 56-199] Attempt to get parsing info during refresh. "On-the-fly" syntax checking information may be incorrect. [C:\Users\alexj\Downloads\Soc_FinalProject-Task2\project_2.xpr\project_2\project_2.ipdefs\ip_repo\src\design_6_wrapper.vhd:]
WARNING: [filemgmt 56-199] Attempt to get parsing info during refresh. "On-the-fly" syntax checking information may be incorrect. [C:\Users\alexj\Downloads\Soc_FinalProject-Task2\project_2.xpr\project_2\project_2.ipdefs\ip_repo\src\design_6_wrapper.vhd:]
WARNING: [filemgmt 56-199] Attempt to get parsing info during refresh. "On-the-fly" syntax checking information may be incorrect. [C:\Users\alexj\Downloads\Soc_FinalProject-Task2\project_2.xpr\project_2\project_2.ipdefs\ip_repo\src\design_6_Pong_Top2_0_0.vhd:]
WARNING: [filemgmt 56-199] Attempt to get parsing info during refresh. "On-the-fly" syntax checking information may be incorrect. [C:\Users\alexj\Downloads\Soc_FinalProject-Task2\project_2.xpr\project_2\project_2.ipdefs\ip_repo\src\myip_pong2_slave_lite_v1_0_S00_AXI.vhd:]
WARNING: [filemgmt 56-199] Attempt to get parsing info during refresh. "On-the-fly" syntax checking information may be incorrect. [C:\Users\alexj\Downloads\Soc_FinalProject-Task2\project_2.xpr\project_2\project_2.ipdefs\ip_repo\src\Pong_Top2.vhd:]
WARNING: [filemgmt 56-199] Attempt to get parsing info during refresh. "On-the-fly" syntax checking information may be incorrect. [C:\Users\alexj\Downloads\Soc_FinalProject-Task2\project_2.xpr\project_2\project_2.ipdefs\ip_repo\src\design_6.vhd:]
WARNING: [filemgmt 56-199] Attempt to get parsing info during refresh. "On-the-fly" syntax checking information may be incorrect. [C:\Users\alexj\Downloads\Soc_FinalProject-Task2\project_2.xpr\project_2\project_2.ipdefs\ip_repo\src\design_6_wrapper.vhd:]
WARNING: [filemgmt 56-199] Attempt to get parsing info during refresh. "On-the-fly" syntax checking information may be incorrect. [C:\Users\alexj\Downloads\Soc_FinalProject-Task2\project_2.xpr\project_2\project_2.ipdefs\ip_repo\src\design_6.vhd:]
WARNING: [filemgmt 56-199] Attempt to get parsing info during refresh. "On-the-fly" syntax checking information may be incorrect. [C:\Users\alexj\Downloads\Soc_FinalProject-Task2\project_2.xpr\project_2\project_2.ipdefs\ip_repo\src\design_6.vhd:]
WARNING: [filemgmt 56-199] Attempt to get parsing info during refresh. "On-the-fly" syntax checking information may be incorrect. [C:\Users\alexj\Downloads\Soc_FinalProject-Task2\project_2.xpr\project_2\project_2.ipdefs\ip_repo\src\design_6_Pong_Top2_0_0.vhd:]
WARNING: [filemgmt 56-199] Attempt to get parsing info during refresh. "On-the-fly" syntax checking information may be incorrect. [C:\Users\alexj\Downloads\Soc_FinalProject-Task2\project_2.xpr\project_2\project_2.ipdefs\ip_repo\src\myip_pong2_slave_lite_v1_0_S00_AXI.vhd:]
WARNING: [filemgmt 56-199] Attempt to get parsing info during refresh. "On-the-fly" syntax checking information may be incorrect. [C:\Users\alexj\Downloads\Soc_FinalProject-Task2\project_2.xpr\project_2\project_2.ipdefs\ip_repo\src\Pong_Top2.vhd:]
WARNING: [filemgmt 56-199] Attempt to get parsing info during refresh. "On-the-fly" syntax checking information may be incorrect. [C:\Users\alexj\Downloads\Soc_FinalProject-Task2\project_2.xpr\project_2\project_2.ipdefs\ip_repo\src\design_6.vhd:]
WARNING: [filemgmt 56-199] Attempt to get parsing info during refresh. "On-the-fly" syntax checking information may be incorrect. [C:\Users\alexj\Downloads\Soc_FinalProject-Task2\project_2.xpr\project_2\project_2.ipdefs\ip_repo\src\design_6_wrapper.vhd:]
WARNING: [filemgmt 56-199] Attempt to get parsing info during refresh. "On-the-fly" syntax checking information may be incorrect. [C:\Users\alexj\Downloads\Soc_FinalProject-Task2\project_2.xpr\project_2\project_2.ipdefs\ip_repo\src\myip_pong2_slave_lite_v1_0_S00_AXI.vhd:]
WARNING: [filemgmt 56-199] Attempt to get parsing info during refresh. "On-the-fly" syntax checking information may be incorrect. [C:\Users\alexj\Downloads\Soc_FinalProject-Task2\project_2.xpr\project_2\project_2.ipdefs\ip_repo\src\myip_pong2_slave_lite_v1_0_S00_AXI.vhd:]
reset_run synth_1
INFO: [Project 1-1160] Copying file C:/Users/alexj/Downloads/Soc_FinalProject-Task2/project_2.xpr/project_2/project_2.tmp/myip_pong2_v1_0_project/myip_pong2_v1_0_project.runs/synth_1/myip_pong2.dcp to C:/Users/alexj/Downloads/Soc_FinalProject-Task2/project_2.xpr/project_2/project_2.tmp/myip_pong2_v1_0_project/myip_pong2_v1_0_project.srcs/utils_1/imports/synth_1 and adding it to utils fileset
WARNING: [filemgmt 56-199] Attempt to get parsing info during refresh. "On-the-fly" syntax checking information may be incorrect. [C:\Users\alexj\Downloads\Soc_FinalProject-Task2\project_2.xpr\project_2\project_2.ipdefs\ip_repo\src\design_6_Pong_Top2_0_0.vhd:]
WARNING: [filemgmt 56-199] Attempt to get parsing info during refresh. "On-the-fly" syntax checking information may be incorrect. [C:\Users\alexj\Downloads\Soc_FinalProject-Task2\project_2.xpr\project_2\project_2.ipdefs\ip_repo\src\myip_pong2_slave_lite_v1_0_S00_AXI.vhd:]
WARNING: [filemgmt 56-199] Attempt to get parsing info during refresh. "On-the-fly" syntax checking information may be incorrect. [C:\Users\alexj\Downloads\Soc_FinalProject-Task2\project_2.xpr\project_2\project_2.ipdefs\ip_repo\src\Pong_Top2.vhd:]
WARNING: [filemgmt 56-199] Attempt to get parsing info during refresh. "On-the-fly" syntax checking information may be incorrect. [C:\Users\alexj\Downloads\Soc_FinalProject-Task2\project_2.xpr\project_2\project_2.ipdefs\ip_repo\src\design_6.vhd:]
WARNING: [filemgmt 56-199] Attempt to get parsing info during refresh. "On-the-fly" syntax checking information may be incorrect. [C:\Users\alexj\Downloads\Soc_FinalProject-Task2\project_2.xpr\project_2\project_2.ipdefs\ip_repo\src\design_6_wrapper.vhd:]
WARNING: [filemgmt 56-199] Attempt to get parsing info during refresh. "On-the-fly" syntax checking information may be incorrect. [C:\Users\alexj\Downloads\Soc_FinalProject-Task2\project_2.xpr\project_2\project_2.ipdefs\ip_repo\src\design_6_Pong_Top2_0_0.vhd:]
WARNING: [filemgmt 56-199] Attempt to get parsing info during refresh. "On-the-fly" syntax checking information may be incorrect. [C:\Users\alexj\Downloads\Soc_FinalProject-Task2\project_2.xpr\project_2\project_2.ipdefs\ip_repo\src\design_6_Pong_Top2_0_0.vhd:]
WARNING: [filemgmt 56-199] Attempt to get parsing info during refresh. "On-the-fly" syntax checking information may be incorrect. [C:\Users\alexj\Downloads\Soc_FinalProject-Task2\project_2.xpr\project_2\project_2.ipdefs\ip_repo\src\design_6_Pong_Top2_0_0.vhd:]
WARNING: [filemgmt 56-199] Attempt to get parsing info during refresh. "On-the-fly" syntax checking information may be incorrect. [C:\Users\alexj\Downloads\Soc_FinalProject-Task2\project_2.xpr\project_2\project_2.ipdefs\ip_repo\src\myip_pong2_slave_lite_v1_0_S00_AXI.vhd:]
WARNING: [filemgmt 56-199] Attempt to get parsing info during refresh. "On-the-fly" syntax checking information may be incorrect. [C:\Users\alexj\Downloads\Soc_FinalProject-Task2\project_2.xpr\project_2\project_2.ipdefs\ip_repo\src\Pong_Top2.vhd:]
WARNING: [filemgmt 56-199] Attempt to get parsing info during refresh. "On-the-fly" syntax checking information may be incorrect. [C:\Users\alexj\Downloads\Soc_FinalProject-Task2\project_2.xpr\project_2\project_2.ipdefs\ip_repo\src\design_6.vhd:]
WARNING: [filemgmt 56-199] Attempt to get parsing info during refresh. "On-the-fly" syntax checking information may be incorrect. [C:\Users\alexj\Downloads\Soc_FinalProject-Task2\project_2.xpr\project_2\project_2.ipdefs\ip_repo\src\design_6_wrapper.vhd:]
WARNING: [filemgmt 56-199] Attempt to get parsing info during refresh. "On-the-fly" syntax checking information may be incorrect. [C:\Users\alexj\Downloads\Soc_FinalProject-Task2\project_2.xpr\project_2\project_2.ipdefs\ip_repo\src\design_6_wrapper.vhd:]
WARNING: [filemgmt 56-199] Attempt to get parsing info during refresh. "On-the-fly" syntax checking information may be incorrect. [C:\Users\alexj\Downloads\Soc_FinalProject-Task2\project_2.xpr\project_2\project_2.ipdefs\ip_repo\src\design_6_wrapper.vhd:]
WARNING: [filemgmt 56-199] Attempt to get parsing info during refresh. "On-the-fly" syntax checking information may be incorrect. [C:\Users\alexj\Downloads\Soc_FinalProject-Task2\project_2.xpr\project_2\project_2.ipdefs\ip_repo\src\design_6_Pong_Top2_0_0.vhd:]
WARNING: [filemgmt 56-199] Attempt to get parsing info during refresh. "On-the-fly" syntax checking information may be incorrect. [C:\Users\alexj\Downloads\Soc_FinalProject-Task2\project_2.xpr\project_2\project_2.ipdefs\ip_repo\src\myip_pong2_slave_lite_v1_0_S00_AXI.vhd:]
WARNING: [filemgmt 56-199] Attempt to get parsing info during refresh. "On-the-fly" syntax checking information may be incorrect. [C:\Users\alexj\Downloads\Soc_FinalProject-Task2\project_2.xpr\project_2\project_2.ipdefs\ip_repo\src\Pong_Top2.vhd:]
WARNING: [filemgmt 56-199] Attempt to get parsing info during refresh. "On-the-fly" syntax checking information may be incorrect. [C:\Users\alexj\Downloads\Soc_FinalProject-Task2\project_2.xpr\project_2\project_2.ipdefs\ip_repo\src\design_6.vhd:]
WARNING: [filemgmt 56-199] Attempt to get parsing info during refresh. "On-the-fly" syntax checking information may be incorrect. [C:\Users\alexj\Downloads\Soc_FinalProject-Task2\project_2.xpr\project_2\project_2.ipdefs\ip_repo\src\design_6_wrapper.vhd:]
WARNING: [filemgmt 56-199] Attempt to get parsing info during refresh. "On-the-fly" syntax checking information may be incorrect. [C:\Users\alexj\Downloads\Soc_FinalProject-Task2\project_2.xpr\project_2\project_2.ipdefs\ip_repo\src\design_6.vhd:]
WARNING: [filemgmt 56-199] Attempt to get parsing info during refresh. "On-the-fly" syntax checking information may be incorrect. [C:\Users\alexj\Downloads\Soc_FinalProject-Task2\project_2.xpr\project_2\project_2.ipdefs\ip_repo\src\design_6.vhd:]
WARNING: [filemgmt 56-199] Attempt to get parsing info during refresh. "On-the-fly" syntax checking information may be incorrect. [C:\Users\alexj\Downloads\Soc_FinalProject-Task2\project_2.xpr\project_2\project_2.ipdefs\ip_repo\src\design_6_Pong_Top2_0_0.vhd:]
WARNING: [filemgmt 56-199] Attempt to get parsing info during refresh. "On-the-fly" syntax checking information may be incorrect. [C:\Users\alexj\Downloads\Soc_FinalProject-Task2\project_2.xpr\project_2\project_2.ipdefs\ip_repo\src\myip_pong2_slave_lite_v1_0_S00_AXI.vhd:]
WARNING: [filemgmt 56-199] Attempt to get parsing info during refresh. "On-the-fly" syntax checking information may be incorrect. [C:\Users\alexj\Downloads\Soc_FinalProject-Task2\project_2.xpr\project_2\project_2.ipdefs\ip_repo\src\Pong_Top2.vhd:]
WARNING: [filemgmt 56-199] Attempt to get parsing info during refresh. "On-the-fly" syntax checking information may be incorrect. [C:\Users\alexj\Downloads\Soc_FinalProject-Task2\project_2.xpr\project_2\project_2.ipdefs\ip_repo\src\design_6.vhd:]
WARNING: [filemgmt 56-199] Attempt to get parsing info during refresh. "On-the-fly" syntax checking information may be incorrect. [C:\Users\alexj\Downloads\Soc_FinalProject-Task2\project_2.xpr\project_2\project_2.ipdefs\ip_repo\src\design_6_wrapper.vhd:]
WARNING: [filemgmt 56-199] Attempt to get parsing info during refresh. "On-the-fly" syntax checking information may be incorrect. [C:\Users\alexj\Downloads\Soc_FinalProject-Task2\project_2.xpr\project_2\project_2.ipdefs\ip_repo\src\myip_pong2_slave_lite_v1_0_S00_AXI.vhd:]
WARNING: [filemgmt 56-199] Attempt to get parsing info during refresh. "On-the-fly" syntax checking information may be incorrect. [C:\Users\alexj\Downloads\Soc_FinalProject-Task2\project_2.xpr\project_2\project_2.ipdefs\ip_repo\src\myip_pong2_slave_lite_v1_0_S00_AXI.vhd:]
launch_runs impl_1 -jobs 8
[Tue Apr 22 13:10:43 2025] Launched synth_1...
Run output will be captured here: C:/Users/alexj/Downloads/Soc_FinalProject-Task2/project_2.xpr/project_2/project_2.tmp/myip_pong2_v1_0_project/myip_pong2_v1_0_project.runs/synth_1/runme.log
[Tue Apr 22 13:10:43 2025] Launched impl_1...
Run output will be captured here: C:/Users/alexj/Downloads/Soc_FinalProject-Task2/project_2.xpr/project_2/project_2.tmp/myip_pong2_v1_0_project/myip_pong2_v1_0_project.runs/impl_1/runme.log
open_run impl_1
INFO: [Device 21-403] Loading part xc7s50csga324-1
Netlist sorting complete. Time (s): cpu = 00:00:00 ; elapsed = 00:00:00.008 . Memory (MB): peak = 1336.266 ; gain = 0.000
INFO: [Netlist 29-17] Analyzing 61 Unisim elements for replacement
INFO: [Netlist 29-28] Unisim Transformation completed in 0 CPU seconds
INFO: [Project 1-479] Netlist was created with Vivado 2024.2
INFO: [Project 1-570] Preparing netlist for logic optimization
Read ShapeDB Complete: Time (s): cpu = 00:00:00 ; elapsed = 00:00:00.007 . Memory (MB): peak = 1424.891 ; gain = 0.539
INFO: [Timing 38-478] Restoring timing data from binary archive.
INFO: [Timing 38-479] Binary timing data restore complete.
INFO: [Project 1-856] Restoring constraints from binary archive.
INFO: [Project 1-853] Binary constraint restore complete.
INFO: [Designutils 20-5722] Start Reading Physical Databases.
Reading placement.
Read Netlist Cache: Time (s): cpu = 00:00:00 ; elapsed = 00:00:00.001 . Memory (MB): peak = 1927.445 ; gain = 0.000
Reading placer database...
Read Device Cache: Time (s): cpu = 00:00:00 ; elapsed = 00:00:00.008 . Memory (MB): peak = 1927.445 ; gain = 0.000
Read PlaceDB: Time (s): cpu = 00:00:00 ; elapsed = 00:00:00.042 . Memory (MB): peak = 1927.445 ; gain = 0.000
Read PulsedLatchDB: Time (s): cpu = 00:00:00 ; elapsed = 00:00:00 . Memory (MB): peak = 1927.445 ; gain = 0.000
Reading routing.
Read RouteStorage: Time (s): cpu = 00:00:00 ; elapsed = 00:00:00.015 . Memory (MB): peak = 1927.445 ; gain = 0.000
Read Physdb Files: Time (s): cpu = 00:00:00 ; elapsed = 00:00:00.076 . Memory (MB): peak = 1927.445 ; gain = 0.000
Restored from archive | CPU: 0.000000 secs | Memory: 0.000000 MB |
Finished XDEF File Restore: Time (s): cpu = 00:00:00 ; elapsed = 00:00:00.076 . Memory (MB): peak = 1927.445 ; gain = 0.000
Netlist sorting complete. Time (s): cpu = 00:00:00 ; elapsed = 00:00:00 . Memory (MB): peak = 1927.445 ; gain = 0.000
INFO: [Project 1-111] Unisim Transformation Summary:
No Unisim elements were transformed.

open_run: Time (s): cpu = 00:00:25 ; elapsed = 00:00:18 . Memory (MB): peak = 2253.812 ; gain = 1086.031
WARNING: [Timing 38-313] There are no user specified timing constraints. Timing constraints are needed for proper timing analysis.
ipx::open_ipxact_file C:/Users/alexj/Downloads/Soc_FinalProject-Task2/project_2.xpr/project_2/project_2.ipdefs/ip_repo/component.xml
WARNING: [IP_Flow 19-3833] Unreferenced file from the top module is not packaged: 'C:/Users/alexj/Downloads/Soc_FinalProject-Task2/project_2.xpr/project_2/project_2.ipdefs/ip_repo/sim/design_6_Pong_Top2_0_0.vhd'.
WARNING: [IP_Flow 19-3833] Unreferenced file from the top module is not packaged: 'C:/Users/alexj/Downloads/Soc_FinalProject-Task2/project_2.xpr/project_2/project_2.ipdefs/ip_repo/sim/design_6_Sync_To_Count2_0_0.vhd'.
WARNING: [IP_Flow 19-3833] Unreferenced file from the top module is not packaged: 'C:/Users/alexj/Downloads/Soc_FinalProject-Task2/project_2.xpr/project_2/project_2.ipdefs/ip_repo/sim/design_6_VGA_Sync_Porch_0_0.vhd'.
WARNING: [IP_Flow 19-3833] Unreferenced file from the top module is not packaged: 'C:/Users/alexj/Downloads/Soc_FinalProject-Task2/project_2.xpr/project_2/project_2.ipdefs/ip_repo/sim/design_6_VGA_Sync_Pulses_0_0.vhd'.
WARNING: [IP_Flow 19-3833] Unreferenced file from the top module is not packaged: 'C:/Users/alexj/Downloads/Soc_FinalProject-Task2/project_2.xpr/project_2/project_2.ipdefs/ip_repo/sim/design_6_Debounce_Switch_3_0.vhd'.
WARNING: [IP_Flow 19-3833] Unreferenced file from the top module is not packaged: 'C:/Users/alexj/Downloads/Soc_FinalProject-Task2/project_2.xpr/project_2/project_2.ipdefs/ip_repo/sim/design_6_Debounce_Switch_4_0.vhd'.
WARNING: [IP_Flow 19-3833] Unreferenced file from the top module is not packaged: 'C:/Users/alexj/Downloads/Soc_FinalProject-Task2/project_2.xpr/project_2/project_2.ipdefs/ip_repo/sim/design_6_Debounce_Switch_0_0.vhd'.
WARNING: [IP_Flow 19-3833] Unreferenced file from the top module is not packaged: 'C:/Users/alexj/Downloads/Soc_FinalProject-Task2/project_2.xpr/project_2/project_2.ipdefs/ip_repo/sim/design_6_Debounce_Switch_2_0.vhd'.
WARNING: [IP_Flow 19-3833] Unreferenced file from the top module is not packaged: 'C:/Users/alexj/Downloads/Soc_FinalProject-Task2/project_2.xpr/project_2/project_2.ipdefs/ip_repo/sim/design_6_Debounce_Switch_1_0.vhd'.
WARNING: [IP_Flow 19-3833] Unreferenced file from the top module is not packaged: 'C:/Users/alexj/Downloads/Soc_FinalProject-Task2/project_2.xpr/project_2/project_2.ipdefs/ip_repo/sim/design_6.vhd'.
WARNING: [IP_Flow 19-3898] File Group 'xilinx_anylanguagebehavioralsimulation (Simulation)': File 'c:/Users/alexj/Downloads/Soc_FinalProject-Task2/project_2.xpr/project_2/project_2.ipdefs/ip_repo/sim/design_6_Pong_Top2_0_0.vhd' is not found in the project sources. It will be removed from the packaged IP when the sources are merged. If still required, please add this file to the project and re-package.
WARNING: [IP_Flow 19-3898] File Group 'xilinx_anylanguagebehavioralsimulation (Simulation)': File 'c:/Users/alexj/Downloads/Soc_FinalProject-Task2/project_2.xpr/project_2/project_2.ipdefs/ip_repo/sim/design_6_Sync_To_Count2_0_0.vhd' is not found in the project sources. It will be removed from the packaged IP when the sources are merged. If still required, please add this file to the project and re-package.
WARNING: [IP_Flow 19-3898] File Group 'xilinx_anylanguagebehavioralsimulation (Simulation)': File 'c:/Users/alexj/Downloads/Soc_FinalProject-Task2/project_2.xpr/project_2/project_2.ipdefs/ip_repo/sim/design_6_VGA_Sync_Porch_0_0.vhd' is not found in the project sources. It will be removed from the packaged IP when the sources are merged. If still required, please add this file to the project and re-package.
WARNING: [IP_Flow 19-3898] File Group 'xilinx_anylanguagebehavioralsimulation (Simulation)': File 'c:/Users/alexj/Downloads/Soc_FinalProject-Task2/project_2.xpr/project_2/project_2.ipdefs/ip_repo/sim/design_6_VGA_Sync_Pulses_0_0.vhd' is not found in the project sources. It will be removed from the packaged IP when the sources are merged. If still required, please add this file to the project and re-package.
WARNING: [IP_Flow 19-3898] File Group 'xilinx_anylanguagebehavioralsimulation (Simulation)': File 'c:/Users/alexj/Downloads/Soc_FinalProject-Task2/project_2.xpr/project_2/project_2.ipdefs/ip_repo/sim/design_6_Debounce_Switch_3_0.vhd' is not found in the project sources. It will be removed from the packaged IP when the sources are merged. If still required, please add this file to the project and re-package.
WARNING: [IP_Flow 19-3898] File Group 'xilinx_anylanguagebehavioralsimulation (Simulation)': File 'c:/Users/alexj/Downloads/Soc_FinalProject-Task2/project_2.xpr/project_2/project_2.ipdefs/ip_repo/sim/design_6_Debounce_Switch_4_0.vhd' is not found in the project sources. It will be removed from the packaged IP when the sources are merged. If still required, please add this file to the project and re-package.
WARNING: [IP_Flow 19-3898] File Group 'xilinx_anylanguagebehavioralsimulation (Simulation)': File 'c:/Users/alexj/Downloads/Soc_FinalProject-Task2/project_2.xpr/project_2/project_2.ipdefs/ip_repo/sim/design_6_Debounce_Switch_0_0.vhd' is not found in the project sources. It will be removed from the packaged IP when the sources are merged. If still required, please add this file to the project and re-package.
WARNING: [IP_Flow 19-3898] File Group 'xilinx_anylanguagebehavioralsimulation (Simulation)': File 'c:/Users/alexj/Downloads/Soc_FinalProject-Task2/project_2.xpr/project_2/project_2.ipdefs/ip_repo/sim/design_6_Debounce_Switch_2_0.vhd' is not found in the project sources. It will be removed from the packaged IP when the sources are merged. If still required, please add this file to the project and re-package.
WARNING: [IP_Flow 19-3898] File Group 'xilinx_anylanguagebehavioralsimulation (Simulation)': File 'c:/Users/alexj/Downloads/Soc_FinalProject-Task2/project_2.xpr/project_2/project_2.ipdefs/ip_repo/sim/design_6_Debounce_Switch_1_0.vhd' is not found in the project sources. It will be removed from the packaged IP when the sources are merged. If still required, please add this file to the project and re-package.
WARNING: [IP_Flow 19-3898] File Group 'xilinx_anylanguagebehavioralsimulation (Simulation)': File 'c:/Users/alexj/Downloads/Soc_FinalProject-Task2/project_2.xpr/project_2/project_2.ipdefs/ip_repo/sim/design_6.vhd' is not found in the project sources. It will be removed from the packaged IP when the sources are merged. If still required, please add this file to the project and re-package.
WARNING: [IP_Flow 19-5897] The set of required XPM macros has changed from 'XPM_CDC' to ''
ipx::remove_all_port [ipx::current_core]
ipx::add_ports_from_hdl [ipx::current_core] -top_level_hdl_file c:/Users/alexj/Downloads/Soc_FinalProject-Task2/project_2.xpr/project_2/project_2.ipdefs/ip_repo/src/myip_pong2.vhd -top_module_name myip_pong2
ipx::infer_bus_interface s00_axi_awaddr xilinx.com:interface:aximm_rtl:1.0 [ipx::current_core]
WARNING: [IP_Flow 19-4747] Not inferring AXIMM interface 's00_axi' due to missing slave write-channel signals AWVALID AWREADY WDATA WVALID WREADY BVALID BREADY.
WARNING: [filemgmt 56-199] Attempt to get parsing info during refresh. "On-the-fly" syntax checking information may be incorrect. [C:\Users\alexj\Downloads\Soc_FinalProject-Task2\project_2.xpr\project_2\project_2.ipdefs\ip_repo\src\myip_pong2_slave_lite_v1_0_S00_AXI.vhd:]
WARNING: [filemgmt 56-199] Attempt to get parsing info during refresh. "On-the-fly" syntax checking information may be incorrect. [C:\Users\alexj\Downloads\Soc_FinalProject-Task2\project_2.xpr\project_2\project_2.ipdefs\ip_repo\src\myip_pong2.vhd:]
WARNING: [filemgmt 56-199] Attempt to get parsing info during refresh. "On-the-fly" syntax checking information may be incorrect. [C:\Users\alexj\Downloads\Soc_FinalProject-Task2\project_2.xpr\project_2\project_2.ipdefs\ip_repo\src\myip_pong2.vhd:]
WARNING: [filemgmt 56-199] Attempt to get parsing info during refresh. "On-the-fly" syntax checking information may be incorrect. [C:\Users\alexj\Downloads\Soc_FinalProject-Task2\project_2.xpr\project_2\project_2.ipdefs\ip_repo\src\myip_pong2.vhd:]
ERROR: [Common 17-180] Spawn failed: No error
reset_run synth_1
INFO: [Project 1-1161] Replacing file C:/Users/alexj/Downloads/Soc_FinalProject-Task2/project_2.xpr/project_2/project_2.tmp/myip_pong2_v1_0_project/myip_pong2_v1_0_project.srcs/utils_1/imports/synth_1/myip_pong2.dcp with file C:/Users/alexj/Downloads/Soc_FinalProject-Task2/project_2.xpr/project_2/project_2.tmp/myip_pong2_v1_0_project/myip_pong2_v1_0_project.runs/synth_1/myip_pong2.dcp
WARNING: [filemgmt 56-199] Attempt to get parsing info during refresh. "On-the-fly" syntax checking information may be incorrect. [C:\Users\alexj\Downloads\Soc_FinalProject-Task2\project_2.xpr\project_2\project_2.ipdefs\ip_repo\src\myip_pong2_slave_lite_v1_0_S00_AXI.vhd:]
WARNING: [filemgmt 56-199] Attempt to get parsing info during refresh. "On-the-fly" syntax checking information may be incorrect. [C:\Users\alexj\Downloads\Soc_FinalProject-Task2\project_2.xpr\project_2\project_2.ipdefs\ip_repo\src\myip_pong2.vhd:]
WARNING: [filemgmt 56-199] Attempt to get parsing info during refresh. "On-the-fly" syntax checking information may be incorrect. [C:\Users\alexj\Downloads\Soc_FinalProject-Task2\project_2.xpr\project_2\project_2.ipdefs\ip_repo\src\myip_pong2.vhd:]
WARNING: [filemgmt 56-199] Attempt to get parsing info during refresh. "On-the-fly" syntax checking information may be incorrect. [C:\Users\alexj\Downloads\Soc_FinalProject-Task2\project_2.xpr\project_2\project_2.ipdefs\ip_repo\src\myip_pong2.vhd:]
ERROR: [Common 17-180] Spawn failed: No error
launch_runs impl_1 -jobs 8
[Tue Apr 22 13:23:15 2025] Launched synth_1...
Run output will be captured here: C:/Users/alexj/Downloads/Soc_FinalProject-Task2/project_2.xpr/project_2/project_2.tmp/myip_pong2_v1_0_project/myip_pong2_v1_0_project.runs/synth_1/runme.log
[Tue Apr 22 13:23:15 2025] Launched impl_1...
Run output will be captured here: C:/Users/alexj/Downloads/Soc_FinalProject-Task2/project_2.xpr/project_2/project_2.tmp/myip_pong2_v1_0_project/myip_pong2_v1_0_project.runs/impl_1/runme.log
WARNING: [filemgmt 56-199] Attempt to get parsing info during refresh. "On-the-fly" syntax checking information may be incorrect. [C:\Users\alexj\Downloads\Soc_FinalProject-Task2\project_2.xpr\project_2\project_2.ipdefs\ip_repo\src\myip_pong2_slave_lite_v1_0_S00_AXI.vhd:]
WARNING: [filemgmt 56-199] Attempt to get parsing info during refresh. "On-the-fly" syntax checking information may be incorrect. [C:\Users\alexj\Downloads\Soc_FinalProject-Task2\project_2.xpr\project_2\project_2.ipdefs\ip_repo\src\myip_pong2.vhd:]
WARNING: [filemgmt 56-199] Attempt to get parsing info during refresh. "On-the-fly" syntax checking information may be incorrect. [C:\Users\alexj\Downloads\Soc_FinalProject-Task2\project_2.xpr\project_2\project_2.ipdefs\ip_repo\src\myip_pong2.vhd:]
WARNING: [filemgmt 56-199] Attempt to get parsing info during refresh. "On-the-fly" syntax checking information may be incorrect. [C:\Users\alexj\Downloads\Soc_FinalProject-Task2\project_2.xpr\project_2\project_2.ipdefs\ip_repo\src\myip_pong2.vhd:]
ERROR: [Common 17-180] Spawn failed: No error
ipx::remove_all_port [ipx::current_core]
ipx::add_ports_from_hdl [ipx::current_core] -top_level_hdl_file c:/Users/alexj/Downloads/Soc_FinalProject-Task2/project_2.xpr/project_2/project_2.ipdefs/ip_repo/src/myip_pong2.vhd -top_module_name myip_pong2
ipx::merge_project_changes ports [ipx::current_core]
WARNING: [IP_Flow 19-3833] Unreferenced file from the top module is not packaged: 'C:/Users/alexj/Downloads/Soc_FinalProject-Task2/project_2.xpr/project_2/project_2.ipdefs/ip_repo/sim/design_6_Pong_Top2_0_0.vhd'.
WARNING: [IP_Flow 19-3833] Unreferenced file from the top module is not packaged: 'C:/Users/alexj/Downloads/Soc_FinalProject-Task2/project_2.xpr/project_2/project_2.ipdefs/ip_repo/sim/design_6_Sync_To_Count2_0_0.vhd'.
WARNING: [IP_Flow 19-3833] Unreferenced file from the top module is not packaged: 'C:/Users/alexj/Downloads/Soc_FinalProject-Task2/project_2.xpr/project_2/project_2.ipdefs/ip_repo/sim/design_6_VGA_Sync_Porch_0_0.vhd'.
WARNING: [IP_Flow 19-3833] Unreferenced file from the top module is not packaged: 'C:/Users/alexj/Downloads/Soc_FinalProject-Task2/project_2.xpr/project_2/project_2.ipdefs/ip_repo/sim/design_6_VGA_Sync_Pulses_0_0.vhd'.
WARNING: [IP_Flow 19-3833] Unreferenced file from the top module is not packaged: 'C:/Users/alexj/Downloads/Soc_FinalProject-Task2/project_2.xpr/project_2/project_2.ipdefs/ip_repo/sim/design_6_Debounce_Switch_3_0.vhd'.
WARNING: [IP_Flow 19-3833] Unreferenced file from the top module is not packaged: 'C:/Users/alexj/Downloads/Soc_FinalProject-Task2/project_2.xpr/project_2/project_2.ipdefs/ip_repo/sim/design_6_Debounce_Switch_4_0.vhd'.
WARNING: [IP_Flow 19-3833] Unreferenced file from the top module is not packaged: 'C:/Users/alexj/Downloads/Soc_FinalProject-Task2/project_2.xpr/project_2/project_2.ipdefs/ip_repo/sim/design_6_Debounce_Switch_0_0.vhd'.
WARNING: [IP_Flow 19-3833] Unreferenced file from the top module is not packaged: 'C:/Users/alexj/Downloads/Soc_FinalProject-Task2/project_2.xpr/project_2/project_2.ipdefs/ip_repo/sim/design_6_Debounce_Switch_2_0.vhd'.
WARNING: [IP_Flow 19-3833] Unreferenced file from the top module is not packaged: 'C:/Users/alexj/Downloads/Soc_FinalProject-Task2/project_2.xpr/project_2/project_2.ipdefs/ip_repo/sim/design_6_Debounce_Switch_1_0.vhd'.
WARNING: [IP_Flow 19-3833] Unreferenced file from the top module is not packaged: 'C:/Users/alexj/Downloads/Soc_FinalProject-Task2/project_2.xpr/project_2/project_2.ipdefs/ip_repo/sim/design_6.vhd'.
INFO: [IP_Flow 19-5107] Inferred bus interface 's00_axi_aresetn' of definition 'xilinx.com:signal:reset:1.0' (from Xilinx Repository).
INFO: [IP_Flow 19-5107] Inferred bus interface 's00_axi_aclk' of definition 'xilinx.com:signal:clock:1.0' (from Xilinx Repository).
INFO: [IP_Flow 19-4728] Bus Interface 's00_axi_aresetn': Added interface parameter 'POLARITY' with value 'ACTIVE_LOW'.
INFO: [IP_Flow 19-4728] Bus Interface 's00_axi_aclk': Added interface parameter 'ASSOCIATED_RESET' with value 's00_axi_aresetn'.
ipx::infer_bus_interfaces xilinx.com:interface:apb_rtl:1.0 [ipx::current_core]
ipx::infer_bus_interfaces xilinx.com:interface:aximm_rtl:1.0 [ipx::current_core]
INFO: [IP_Flow 19-5107] Inferred bus interface 's00_axi' of definition 'xilinx.com:interface:aximm:1.0' (from TCL Argument).
INFO: [IP_Flow 19-3166] Bus Interface 's00_axi': References existing memory map 's00_axi'.
INFO: [IP_Flow 19-4728] Bus Interface 's00_axi_aclk': Added interface parameter 'ASSOCIATED_BUSIF' with value 's00_axi'.
reset_run impl_1
launch_runs impl_1 -jobs 8
WARNING: [filemgmt 56-199] Attempt to get parsing info during refresh. "On-the-fly" syntax checking information may be incorrect. [C:\Users\alexj\Downloads\Soc_FinalProject-Task2\project_2.xpr\project_2\project_2.ipdefs\ip_repo\src\myip_pong2_slave_lite_v1_0_S00_AXI.vhd:]
WARNING: [filemgmt 56-199] Attempt to get parsing info during refresh. "On-the-fly" syntax checking information may be incorrect. [C:\Users\alexj\Downloads\Soc_FinalProject-Task2\project_2.xpr\project_2\project_2.ipdefs\ip_repo\src\myip_pong2.vhd:]
WARNING: [filemgmt 56-199] Attempt to get parsing info during refresh. "On-the-fly" syntax checking information may be incorrect. [C:\Users\alexj\Downloads\Soc_FinalProject-Task2\project_2.xpr\project_2\project_2.ipdefs\ip_repo\src\myip_pong2.vhd:]
WARNING: [filemgmt 56-199] Attempt to get parsing info during refresh. "On-the-fly" syntax checking information may be incorrect. [C:\Users\alexj\Downloads\Soc_FinalProject-Task2\project_2.xpr\project_2\project_2.ipdefs\ip_repo\src\myip_pong2.vhd:]
[Tue Apr 22 13:29:18 2025] Launched impl_1...
Run output will be captured here: C:/Users/alexj/Downloads/Soc_FinalProject-Task2/project_2.xpr/project_2/project_2.tmp/myip_pong2_v1_0_project/myip_pong2_v1_0_project.runs/impl_1/runme.log
ERROR: [Common 17-180] Spawn failed: No error
set_property core_revision 3 [ipx::current_core]
ipx::update_checksums [ipx::current_core]
ipx::check_integrity [ipx::current_core]
WARNING: [IP_Flow 19-11888] Component Definition 'xilinx.com:user:myip_pong2:1.0 (myip_pong2_v1_0)': IP description "myip_pong2_v1_0" is not meaningful: same as name or display name
WARNING: [IP_Flow 19-11770] Clock interface 's00_axi_aclk' has no FREQ_HZ parameter.
INFO: [IP_Flow 19-2181] Payment is not required for this core.
WARNING: [IP_Flow 19-2187] The Product Guide file is missing.
INFO: [Ipptcl 7-1486] check_integrity: Integrity check passed.
ipx::save_core [ipx::current_core]
update_ip_catalog -rebuild -repo_path c:/Users/alexj/Downloads/Soc_FinalProject-Task2/project_2.xpr/project_2/project_2.ipdefs/ip_repo
CRITICAL WARNING: [IP_Flow 19-11780] Skipping module reference component xilinx.com:module_ref:Debounce_Switch:1.0 found in user repository c:/Users/alexj/Desktop/Grad_school/Spring_2025/EEL5934_project_2_vivado/ip_repo/axi_pong_game/ip_repo 
CRITICAL WARNING: [IP_Flow 19-11780] Skipping module reference component xilinx.com:module_ref:Pong_Top2:1.0 found in user repository c:/Users/alexj/Desktop/Grad_school/Spring_2025/EEL5934_project_2_vivado/ip_repo/axi_pong_game/ip_repo 
CRITICAL WARNING: [IP_Flow 19-11780] Skipping module reference component xilinx.com:module_ref:Sync_To_Count2:1.0 found in user repository c:/Users/alexj/Desktop/Grad_school/Spring_2025/EEL5934_project_2_vivado/ip_repo/axi_pong_game/ip_repo 
CRITICAL WARNING: [IP_Flow 19-11780] Skipping module reference component xilinx.com:module_ref:VGA_Sync_Porch:1.0 found in user repository c:/Users/alexj/Desktop/Grad_school/Spring_2025/EEL5934_project_2_vivado/ip_repo/axi_pong_game/ip_repo 
CRITICAL WARNING: [IP_Flow 19-11780] Skipping module reference component xilinx.com:module_ref:VGA_Sync_Pulses:1.0 found in user repository c:/Users/alexj/Desktop/Grad_school/Spring_2025/EEL5934_project_2_vivado/ip_repo/axi_pong_game/ip_repo 
INFO: [IP_Flow 19-725] Reloaded user IP repository 'c:/Users/alexj/Downloads/Soc_FinalProject-Task2/project_2.xpr/project_2/project_2.ipdefs/ip_repo'
WARNING: [filemgmt 56-199] Attempt to get parsing info during refresh. "On-the-fly" syntax checking information may be incorrect. [C:\Users\alexj\Downloads\Soc_FinalProject-Task2\project_2.xpr\project_2\project_2.ipdefs\ip_repo\src\myip_pong2_slave_lite_v1_0_S00_AXI.vhd:]
WARNING: [filemgmt 56-199] Attempt to get parsing info during refresh. "On-the-fly" syntax checking information may be incorrect. [C:\Users\alexj\Downloads\Soc_FinalProject-Task2\project_2.xpr\project_2\project_2.ipdefs\ip_repo\src\myip_pong2.vhd:]
WARNING: [filemgmt 56-199] Attempt to get parsing info during refresh. "On-the-fly" syntax checking information may be incorrect. [C:\Users\alexj\Downloads\Soc_FinalProject-Task2\project_2.xpr\project_2\project_2.ipdefs\ip_repo\src\myip_pong2.vhd:]
WARNING: [filemgmt 56-199] Attempt to get parsing info during refresh. "On-the-fly" syntax checking information may be incorrect. [C:\Users\alexj\Downloads\Soc_FinalProject-Task2\project_2.xpr\project_2\project_2.ipdefs\ip_repo\src\myip_pong2.vhd:]
ERROR: [Common 17-180] Spawn failed: No error
exit
INFO: [Common 17-206] Exiting Vivado at Tue Apr 22 13:56:44 2025...
