
*** Running vivado
    with args -log design_1_dlmb_bram_if_cntlr_0.vds -m64 -product Vivado -mode batch -messageDb vivado.pb -notrace -source design_1_dlmb_bram_if_cntlr_0.tcl



****** Vivado v2024.2 (64-bit)
  **** SW Build 5239630 on Fri Nov 08 22:35:27 MST 2024
  **** IP Build 5239520 on Sun Nov 10 16:12:51 MST 2024
  **** SharedData Build 5239561 on Fri Nov 08 14:39:27 MST 2024
  **** Start of session at: Tue Apr 22 02:42:11 2025
    ** Copyright 1986-2022 Xilinx, Inc. All Rights Reserved.
    ** Copyright 2022-2024 Advanced Micro Devices, Inc. All Rights Reserved.

source design_1_dlmb_bram_if_cntlr_0.tcl -notrace
INFO: [IP_Flow 19-234] Refreshing IP repositories
INFO: [IP_Flow 19-1700] Loaded user IP repository 'c:/Users/alexj/Downloads/Soc_FinalProject-Task2/project_2.xpr/project_2/project_2.ipdefs/ip_repo'.
INFO: [IP_Flow 19-1700] Loaded user IP repository 'c:/Users/alexj/Downloads/Soc_FinalProject-Task2/project_2.xpr/project_2/project_2.ipdefs/pong_ip2'.
INFO: [IP_Flow 19-1700] Loaded user IP repository 'c:/Users/alexj/Downloads/Soc_FinalProject-Task2/project_2.xpr/project_2/project_2.ipdefs/apb_ip'.
INFO: [IP_Flow 19-2313] Loaded Vivado IP repository 'C:/Xilinx/Vivado/2024.2/data/ip'.
WARNING: [IP_Flow 19-4995] The host OS only allows 260 characters in a normal path. The IP cache path is more than 80 characters. If you experience issues with IP caching, please consider changing the IP cache to a location with a shorter path. Alternately consider using the OS subst command to map part of the path to a drive letter. 
Current IP cache path is c:/Users/alexj/Downloads/Soc_FinalProject-Task2/project_2.xpr/project_2/project_2.cache/ip 
INFO: [IP_Flow 19-6924] IPCACHE: Running cache check for IP inst: design_1_dlmb_bram_if_cntlr_0
Command: synth_design -top design_1_dlmb_bram_if_cntlr_0 -part xc7s50csga324-1 -incremental_mode off -mode out_of_context
Starting synth_design
Attempting to get a license for feature 'Synthesis' and/or device 'xc7s50'
INFO: [Common 17-349] Got license for feature 'Synthesis' and/or device 'xc7s50'
INFO: [Device 21-403] Loading part xc7s50csga324-1
INFO: [Synth 8-7079] Multithreading enabled for synth_design using a maximum of 2 processes.
INFO: [Synth 8-7078] Launching helper process for spawning children vivado processes
INFO: [Synth 8-7075] Helper process launched with PID 23016
---------------------------------------------------------------------------------
Starting RTL Elaboration : Time (s): cpu = 00:00:07 ; elapsed = 00:00:08 . Memory (MB): peak = 956.934 ; gain = 465.391
---------------------------------------------------------------------------------
INFO: [Synth 8-638] synthesizing module 'design_1_dlmb_bram_if_cntlr_0' [c:/Users/alexj/Downloads/Soc_FinalProject-Task2/project_2.xpr/project_2/project_2.gen/sources_1/bd/design_1/ip/design_1_dlmb_bram_if_cntlr_0/synth/design_1_dlmb_bram_if_cntlr_0.vhd:84]
	Parameter C_FAMILY bound to: spartan7 - type: string 
	Parameter C_HIGHADDR bound to: 64'b0000000000000000000000000000000000000000000000111111111111111111 
	Parameter C_BASEADDR bound to: 64'b0000000000000000000000000000000000000000000000000000000000000000 
	Parameter C_NUM_LMB bound to: 1 - type: integer 
	Parameter C_MASK bound to: 64'b0000000000000000000000000000000001000000000000000000000000000000 
	Parameter C_MASK1 bound to: 64'b0000000000000000000000000000000000000000100000000000000000000000 
	Parameter C_MASK2 bound to: 64'b0000000000000000000000000000000000000000100000000000000000000000 
	Parameter C_MASK3 bound to: 64'b0000000000000000000000000000000000000000100000000000000000000000 
	Parameter C_MASK4 bound to: 64'b0000000000000000000000000000000000000000100000000000000000000000 
	Parameter C_MASK5 bound to: 64'b0000000000000000000000000000000000000000100000000000000000000000 
	Parameter C_MASK6 bound to: 64'b0000000000000000000000000000000000000000100000000000000000000000 
	Parameter C_MASK7 bound to: 64'b0000000000000000000000000000000000000000100000000000000000000000 
	Parameter C_LMB_AWIDTH bound to: 32 - type: integer 
	Parameter C_LMB_DWIDTH bound to: 32 - type: integer 
	Parameter C_LMB_PROTOCOL bound to: 0 - type: integer 
	Parameter C_ARBITRATION bound to: 0 - type: integer 
	Parameter C_ECC bound to: 0 - type: integer 
	Parameter C_INTERCONNECT bound to: 0 - type: integer 
	Parameter C_FAULT_INJECT bound to: 0 - type: integer 
	Parameter C_CE_FAILING_REGISTERS bound to: 0 - type: integer 
	Parameter C_UE_FAILING_REGISTERS bound to: 0 - type: integer 
	Parameter C_ECC_STATUS_REGISTERS bound to: 0 - type: integer 
	Parameter C_ECC_ONOFF_REGISTER bound to: 0 - type: integer 
	Parameter C_ECC_ONOFF_RESET_VALUE bound to: 1 - type: integer 
	Parameter C_CE_COUNTER_WIDTH bound to: 0 - type: integer 
	Parameter C_WRITE_ACCESS bound to: 2 - type: integer 
	Parameter C_BRAM_AWIDTH bound to: 32 - type: integer 
	Parameter C_S_AXI_CTRL_ADDR_WIDTH bound to: 32 - type: integer 
	Parameter C_S_AXI_CTRL_DATA_WIDTH bound to: 32 - type: integer 
INFO: [Synth 8-3491] module 'lmb_bram_if_cntlr' declared at 'c:/Users/alexj/Downloads/Soc_FinalProject-Task2/project_2.xpr/project_2/project_2.gen/sources_1/bd/design_1/ipshared/73e9/hdl/lmb_bram_if_cntlr_v4_0_vh_rfs.vhd:5040' bound to instance 'U0' of component 'lmb_bram_if_cntlr' [c:/Users/alexj/Downloads/Soc_FinalProject-Task2/project_2.xpr/project_2/project_2.gen/sources_1/bd/design_1/ip/design_1_dlmb_bram_if_cntlr_0/synth/design_1_dlmb_bram_if_cntlr_0.vhd:280]
INFO: [Synth 8-638] synthesizing module 'lmb_bram_if_cntlr' [c:/Users/alexj/Downloads/Soc_FinalProject-Task2/project_2.xpr/project_2/project_2.gen/sources_1/bd/design_1/ipshared/73e9/hdl/lmb_bram_if_cntlr_v4_0_vh_rfs.vhd:5222]
	Parameter C_TARGET bound to: 9 - type: integer 
	Parameter C_BASEADDR bound to: 64'b0000000000000000000000000000000000000000000000000000000000000000 
	Parameter C_MASK bound to: 64'b0000000000000000000000000000000001000000000000000000000000000000 
	Parameter C_MASK1 bound to: 64'b0000000000000000000000000000000000000000100000000000000000000000 
	Parameter C_MASK2 bound to: 64'b0000000000000000000000000000000000000000100000000000000000000000 
	Parameter C_MASK3 bound to: 64'b0000000000000000000000000000000000000000100000000000000000000000 
	Parameter C_MASK4 bound to: 64'b0000000000000000000000000000000000000000100000000000000000000000 
	Parameter C_MASK5 bound to: 64'b0000000000000000000000000000000000000000100000000000000000000000 
	Parameter C_MASK6 bound to: 64'b0000000000000000000000000000000000000000100000000000000000000000 
	Parameter C_MASK7 bound to: 64'b0000000000000000000000000000000000000000100000000000000000000000 
	Parameter C_LMB_AWIDTH bound to: 32 - type: integer 
	Parameter C_LMB_DWIDTH bound to: 32 - type: integer 
	Parameter C_ECC_WIDTH bound to: 7 - type: integer 
	Parameter C_ECC bound to: 0 - type: integer 
	Parameter C_NUM_LMB bound to: 1 - type: integer 
	Parameter C_LMB_PROTOCOL bound to: 0 - type: integer 
	Parameter C_ARBITRATION bound to: 0 - type: integer 
INFO: [Synth 8-3491] module 'lmb_mux' declared at 'c:/Users/alexj/Downloads/Soc_FinalProject-Task2/project_2.xpr/project_2/project_2.gen/sources_1/bd/design_1/ipshared/73e9/hdl/lmb_bram_if_cntlr_v4_0_vh_rfs.vhd:4146' bound to instance 'lmb_mux_I' of component 'lmb_mux' [c:/Users/alexj/Downloads/Soc_FinalProject-Task2/project_2.xpr/project_2/project_2.gen/sources_1/bd/design_1/ipshared/73e9/hdl/lmb_bram_if_cntlr_v4_0_vh_rfs.vhd:5548]
INFO: [Synth 8-638] synthesizing module 'lmb_mux' [c:/Users/alexj/Downloads/Soc_FinalProject-Task2/project_2.xpr/project_2/project_2.gen/sources_1/bd/design_1/ipshared/73e9/hdl/lmb_bram_if_cntlr_v4_0_vh_rfs.vhd:4291]
	Parameter C_AW bound to: 32 - type: integer 
	Parameter C_BAR bound to: 64'b0000000000000000000000000000000000000000000000000000000000000000 
	Parameter C_MASK bound to: 64'b0000000000000000000000000000000001000000000000000000000000000000 
INFO: [Synth 8-3491] module 'pselect_mask' declared at 'c:/Users/alexj/Downloads/Soc_FinalProject-Task2/project_2.xpr/project_2/project_2.gen/sources_1/bd/design_1/ipshared/73e9/hdl/lmb_bram_if_cntlr_v4_0_vh_rfs.vhd:3470' bound to instance 'pselect_mask_lmb' of component 'pselect_mask' [c:/Users/alexj/Downloads/Soc_FinalProject-Task2/project_2.xpr/project_2/project_2.gen/sources_1/bd/design_1/ipshared/73e9/hdl/lmb_bram_if_cntlr_v4_0_vh_rfs.vhd:4404]
INFO: [Synth 8-638] synthesizing module 'pselect_mask' [c:/Users/alexj/Downloads/Soc_FinalProject-Task2/project_2.xpr/project_2/project_2.gen/sources_1/bd/design_1/ipshared/73e9/hdl/lmb_bram_if_cntlr_v4_0_vh_rfs.vhd:3485]
INFO: [Synth 8-256] done synthesizing module 'pselect_mask' (0#1) [c:/Users/alexj/Downloads/Soc_FinalProject-Task2/project_2.xpr/project_2/project_2.gen/sources_1/bd/design_1/ipshared/73e9/hdl/lmb_bram_if_cntlr_v4_0_vh_rfs.vhd:3485]
INFO: [Synth 8-256] done synthesizing module 'lmb_mux' (0#1) [c:/Users/alexj/Downloads/Soc_FinalProject-Task2/project_2.xpr/project_2/project_2.gen/sources_1/bd/design_1/ipshared/73e9/hdl/lmb_bram_if_cntlr_v4_0_vh_rfs.vhd:4291]
INFO: [Synth 8-256] done synthesizing module 'lmb_bram_if_cntlr' (0#1) [c:/Users/alexj/Downloads/Soc_FinalProject-Task2/project_2.xpr/project_2/project_2.gen/sources_1/bd/design_1/ipshared/73e9/hdl/lmb_bram_if_cntlr_v4_0_vh_rfs.vhd:5222]
INFO: [Synth 8-256] done synthesizing module 'design_1_dlmb_bram_if_cntlr_0' (0#1) [c:/Users/alexj/Downloads/Soc_FinalProject-Task2/project_2.xpr/project_2/project_2.gen/sources_1/bd/design_1/ip/design_1_dlmb_bram_if_cntlr_0/synth/design_1_dlmb_bram_if_cntlr_0.vhd:84]
WARNING: [Synth 8-7129] Port A[0] in module pselect_mask is either unconnected or has no load
WARNING: [Synth 8-7129] Port A[2] in module pselect_mask is either unconnected or has no load
WARNING: [Synth 8-7129] Port A[3] in module pselect_mask is either unconnected or has no load
WARNING: [Synth 8-7129] Port A[4] in module pselect_mask is either unconnected or has no load
WARNING: [Synth 8-7129] Port A[5] in module pselect_mask is either unconnected or has no load
WARNING: [Synth 8-7129] Port A[6] in module pselect_mask is either unconnected or has no load
WARNING: [Synth 8-7129] Port A[7] in module pselect_mask is either unconnected or has no load
WARNING: [Synth 8-7129] Port A[8] in module pselect_mask is either unconnected or has no load
WARNING: [Synth 8-7129] Port A[9] in module pselect_mask is either unconnected or has no load
WARNING: [Synth 8-7129] Port A[10] in module pselect_mask is either unconnected or has no load
WARNING: [Synth 8-7129] Port A[11] in module pselect_mask is either unconnected or has no load
WARNING: [Synth 8-7129] Port A[12] in module pselect_mask is either unconnected or has no load
WARNING: [Synth 8-7129] Port A[13] in module pselect_mask is either unconnected or has no load
WARNING: [Synth 8-7129] Port A[14] in module pselect_mask is either unconnected or has no load
WARNING: [Synth 8-7129] Port A[15] in module pselect_mask is either unconnected or has no load
WARNING: [Synth 8-7129] Port A[16] in module pselect_mask is either unconnected or has no load
WARNING: [Synth 8-7129] Port A[17] in module pselect_mask is either unconnected or has no load
WARNING: [Synth 8-7129] Port A[18] in module pselect_mask is either unconnected or has no load
WARNING: [Synth 8-7129] Port A[19] in module pselect_mask is either unconnected or has no load
WARNING: [Synth 8-7129] Port A[20] in module pselect_mask is either unconnected or has no load
WARNING: [Synth 8-7129] Port A[21] in module pselect_mask is either unconnected or has no load
WARNING: [Synth 8-7129] Port A[22] in module pselect_mask is either unconnected or has no load
WARNING: [Synth 8-7129] Port A[23] in module pselect_mask is either unconnected or has no load
WARNING: [Synth 8-7129] Port A[24] in module pselect_mask is either unconnected or has no load
WARNING: [Synth 8-7129] Port A[25] in module pselect_mask is either unconnected or has no load
WARNING: [Synth 8-7129] Port A[26] in module pselect_mask is either unconnected or has no load
WARNING: [Synth 8-7129] Port A[27] in module pselect_mask is either unconnected or has no load
WARNING: [Synth 8-7129] Port A[28] in module pselect_mask is either unconnected or has no load
WARNING: [Synth 8-7129] Port A[29] in module pselect_mask is either unconnected or has no load
WARNING: [Synth 8-7129] Port A[30] in module pselect_mask is either unconnected or has no load
WARNING: [Synth 8-7129] Port A[31] in module pselect_mask is either unconnected or has no load
WARNING: [Synth 8-7129] Port LMB_Clk in module lmb_mux is either unconnected or has no load
WARNING: [Synth 8-7129] Port LMB_Rst in module lmb_mux is either unconnected or has no load
WARNING: [Synth 8-7129] Port LMB1_ABus[0] in module lmb_mux is either unconnected or has no load
WARNING: [Synth 8-7129] Port LMB1_ABus[1] in module lmb_mux is either unconnected or has no load
WARNING: [Synth 8-7129] Port LMB1_ABus[2] in module lmb_mux is either unconnected or has no load
WARNING: [Synth 8-7129] Port LMB1_ABus[3] in module lmb_mux is either unconnected or has no load
WARNING: [Synth 8-7129] Port LMB1_ABus[4] in module lmb_mux is either unconnected or has no load
WARNING: [Synth 8-7129] Port LMB1_ABus[5] in module lmb_mux is either unconnected or has no load
WARNING: [Synth 8-7129] Port LMB1_ABus[6] in module lmb_mux is either unconnected or has no load
WARNING: [Synth 8-7129] Port LMB1_ABus[7] in module lmb_mux is either unconnected or has no load
WARNING: [Synth 8-7129] Port LMB1_ABus[8] in module lmb_mux is either unconnected or has no load
WARNING: [Synth 8-7129] Port LMB1_ABus[9] in module lmb_mux is either unconnected or has no load
WARNING: [Synth 8-7129] Port LMB1_ABus[10] in module lmb_mux is either unconnected or has no load
WARNING: [Synth 8-7129] Port LMB1_ABus[11] in module lmb_mux is either unconnected or has no load
WARNING: [Synth 8-7129] Port LMB1_ABus[12] in module lmb_mux is either unconnected or has no load
WARNING: [Synth 8-7129] Port LMB1_ABus[13] in module lmb_mux is either unconnected or has no load
WARNING: [Synth 8-7129] Port LMB1_ABus[14] in module lmb_mux is either unconnected or has no load
WARNING: [Synth 8-7129] Port LMB1_ABus[15] in module lmb_mux is either unconnected or has no load
WARNING: [Synth 8-7129] Port LMB1_ABus[16] in module lmb_mux is either unconnected or has no load
WARNING: [Synth 8-7129] Port LMB1_ABus[17] in module lmb_mux is either unconnected or has no load
WARNING: [Synth 8-7129] Port LMB1_ABus[18] in module lmb_mux is either unconnected or has no load
WARNING: [Synth 8-7129] Port LMB1_ABus[19] in module lmb_mux is either unconnected or has no load
WARNING: [Synth 8-7129] Port LMB1_ABus[20] in module lmb_mux is either unconnected or has no load
WARNING: [Synth 8-7129] Port LMB1_ABus[21] in module lmb_mux is either unconnected or has no load
WARNING: [Synth 8-7129] Port LMB1_ABus[22] in module lmb_mux is either unconnected or has no load
WARNING: [Synth 8-7129] Port LMB1_ABus[23] in module lmb_mux is either unconnected or has no load
WARNING: [Synth 8-7129] Port LMB1_ABus[24] in module lmb_mux is either unconnected or has no load
WARNING: [Synth 8-7129] Port LMB1_ABus[25] in module lmb_mux is either unconnected or has no load
WARNING: [Synth 8-7129] Port LMB1_ABus[26] in module lmb_mux is either unconnected or has no load
WARNING: [Synth 8-7129] Port LMB1_ABus[27] in module lmb_mux is either unconnected or has no load
WARNING: [Synth 8-7129] Port LMB1_ABus[28] in module lmb_mux is either unconnected or has no load
WARNING: [Synth 8-7129] Port LMB1_ABus[29] in module lmb_mux is either unconnected or has no load
WARNING: [Synth 8-7129] Port LMB1_ABus[30] in module lmb_mux is either unconnected or has no load
WARNING: [Synth 8-7129] Port LMB1_ABus[31] in module lmb_mux is either unconnected or has no load
WARNING: [Synth 8-7129] Port LMB1_WriteDBus[0] in module lmb_mux is either unconnected or has no load
WARNING: [Synth 8-7129] Port LMB1_WriteDBus[1] in module lmb_mux is either unconnected or has no load
WARNING: [Synth 8-7129] Port LMB1_WriteDBus[2] in module lmb_mux is either unconnected or has no load
WARNING: [Synth 8-7129] Port LMB1_WriteDBus[3] in module lmb_mux is either unconnected or has no load
WARNING: [Synth 8-7129] Port LMB1_WriteDBus[4] in module lmb_mux is either unconnected or has no load
WARNING: [Synth 8-7129] Port LMB1_WriteDBus[5] in module lmb_mux is either unconnected or has no load
WARNING: [Synth 8-7129] Port LMB1_WriteDBus[6] in module lmb_mux is either unconnected or has no load
WARNING: [Synth 8-7129] Port LMB1_WriteDBus[7] in module lmb_mux is either unconnected or has no load
WARNING: [Synth 8-7129] Port LMB1_WriteDBus[8] in module lmb_mux is either unconnected or has no load
WARNING: [Synth 8-7129] Port LMB1_WriteDBus[9] in module lmb_mux is either unconnected or has no load
WARNING: [Synth 8-7129] Port LMB1_WriteDBus[10] in module lmb_mux is either unconnected or has no load
WARNING: [Synth 8-7129] Port LMB1_WriteDBus[11] in module lmb_mux is either unconnected or has no load
WARNING: [Synth 8-7129] Port LMB1_WriteDBus[12] in module lmb_mux is either unconnected or has no load
WARNING: [Synth 8-7129] Port LMB1_WriteDBus[13] in module lmb_mux is either unconnected or has no load
WARNING: [Synth 8-7129] Port LMB1_WriteDBus[14] in module lmb_mux is either unconnected or has no load
WARNING: [Synth 8-7129] Port LMB1_WriteDBus[15] in module lmb_mux is either unconnected or has no load
WARNING: [Synth 8-7129] Port LMB1_WriteDBus[16] in module lmb_mux is either unconnected or has no load
WARNING: [Synth 8-7129] Port LMB1_WriteDBus[17] in module lmb_mux is either unconnected or has no load
WARNING: [Synth 8-7129] Port LMB1_WriteDBus[18] in module lmb_mux is either unconnected or has no load
WARNING: [Synth 8-7129] Port LMB1_WriteDBus[19] in module lmb_mux is either unconnected or has no load
WARNING: [Synth 8-7129] Port LMB1_WriteDBus[20] in module lmb_mux is either unconnected or has no load
WARNING: [Synth 8-7129] Port LMB1_WriteDBus[21] in module lmb_mux is either unconnected or has no load
WARNING: [Synth 8-7129] Port LMB1_WriteDBus[22] in module lmb_mux is either unconnected or has no load
WARNING: [Synth 8-7129] Port LMB1_WriteDBus[23] in module lmb_mux is either unconnected or has no load
WARNING: [Synth 8-7129] Port LMB1_WriteDBus[24] in module lmb_mux is either unconnected or has no load
WARNING: [Synth 8-7129] Port LMB1_WriteDBus[25] in module lmb_mux is either unconnected or has no load
WARNING: [Synth 8-7129] Port LMB1_WriteDBus[26] in module lmb_mux is either unconnected or has no load
WARNING: [Synth 8-7129] Port LMB1_WriteDBus[27] in module lmb_mux is either unconnected or has no load
WARNING: [Synth 8-7129] Port LMB1_WriteDBus[28] in module lmb_mux is either unconnected or has no load
WARNING: [Synth 8-7129] Port LMB1_WriteDBus[29] in module lmb_mux is either unconnected or has no load
WARNING: [Synth 8-7129] Port LMB1_WriteDBus[30] in module lmb_mux is either unconnected or has no load
WARNING: [Synth 8-7129] Port LMB1_WriteDBus[31] in module lmb_mux is either unconnected or has no load
WARNING: [Synth 8-7129] Port LMB1_AddrStrobe in module lmb_mux is either unconnected or has no load
WARNING: [Synth 8-7129] Port LMB1_ReadStrobe in module lmb_mux is either unconnected or has no load
WARNING: [Synth 8-7129] Port LMB1_WriteStrobe in module lmb_mux is either unconnected or has no load
INFO: [Common 17-14] Message 'Synth 8-7129' appears 100 times and further instances of the messages will be disabled. Use the Tcl command set_msg_config to change the current settings.
---------------------------------------------------------------------------------
Finished RTL Elaboration : Time (s): cpu = 00:00:10 ; elapsed = 00:00:13 . Memory (MB): peak = 1072.637 ; gain = 581.094
---------------------------------------------------------------------------------
---------------------------------------------------------------------------------
Start Handling Custom Attributes
---------------------------------------------------------------------------------
---------------------------------------------------------------------------------
Finished Handling Custom Attributes : Time (s): cpu = 00:00:10 ; elapsed = 00:00:13 . Memory (MB): peak = 1072.637 ; gain = 581.094
---------------------------------------------------------------------------------
---------------------------------------------------------------------------------
Finished RTL Optimization Phase 1 : Time (s): cpu = 00:00:10 ; elapsed = 00:00:13 . Memory (MB): peak = 1072.637 ; gain = 581.094
---------------------------------------------------------------------------------
Netlist sorting complete. Time (s): cpu = 00:00:00 ; elapsed = 00:00:00.006 . Memory (MB): peak = 1072.637 ; gain = 0.000
INFO: [Project 1-570] Preparing netlist for logic optimization

Processing XDC Constraints
Initializing timing engine
Parsing XDC File [c:/Users/alexj/Downloads/Soc_FinalProject-Task2/project_2.xpr/project_2/project_2.gen/sources_1/bd/design_1/ip/design_1_dlmb_bram_if_cntlr_0/design_1_dlmb_bram_if_cntlr_0_ooc.xdc] for cell 'U0'
Finished Parsing XDC File [c:/Users/alexj/Downloads/Soc_FinalProject-Task2/project_2.xpr/project_2/project_2.gen/sources_1/bd/design_1/ip/design_1_dlmb_bram_if_cntlr_0/design_1_dlmb_bram_if_cntlr_0_ooc.xdc] for cell 'U0'
Parsing XDC File [C:/Users/alexj/Downloads/Soc_FinalProject-Task2/project_2.xpr/project_2/project_2.runs/design_1_dlmb_bram_if_cntlr_0_synth_1/dont_touch.xdc]
Finished Parsing XDC File [C:/Users/alexj/Downloads/Soc_FinalProject-Task2/project_2.xpr/project_2/project_2.runs/design_1_dlmb_bram_if_cntlr_0_synth_1/dont_touch.xdc]
Completed Processing XDC Constraints

Netlist sorting complete. Time (s): cpu = 00:00:00 ; elapsed = 00:00:00 . Memory (MB): peak = 1134.887 ; gain = 0.000
INFO: [Project 1-111] Unisim Transformation Summary:
No Unisim elements were transformed.

Constraint Validation Runtime : Time (s): cpu = 00:00:00 ; elapsed = 00:00:00.046 . Memory (MB): peak = 1135.273 ; gain = 0.387
INFO: [Designutils 20-5008] Incremental synthesis strategy off
---------------------------------------------------------------------------------
Finished Constraint Validation : Time (s): cpu = 00:00:19 ; elapsed = 00:00:23 . Memory (MB): peak = 1135.273 ; gain = 643.730
---------------------------------------------------------------------------------
---------------------------------------------------------------------------------
Start Loading Part and Timing Information
---------------------------------------------------------------------------------
Loading part: xc7s50csga324-1
---------------------------------------------------------------------------------
Finished Loading Part and Timing Information : Time (s): cpu = 00:00:19 ; elapsed = 00:00:23 . Memory (MB): peak = 1135.273 ; gain = 643.730
---------------------------------------------------------------------------------
---------------------------------------------------------------------------------
Start Applying 'set_property' XDC Constraints
---------------------------------------------------------------------------------
Applied set_property KEEP_HIERARCHY = SOFT for U0. (constraint file  C:/Users/alexj/Downloads/Soc_FinalProject-Task2/project_2.xpr/project_2/project_2.runs/design_1_dlmb_bram_if_cntlr_0_synth_1/dont_touch.xdc, line 9).
---------------------------------------------------------------------------------
Finished applying 'set_property' XDC Constraints : Time (s): cpu = 00:00:19 ; elapsed = 00:00:23 . Memory (MB): peak = 1135.273 ; gain = 643.730
---------------------------------------------------------------------------------
---------------------------------------------------------------------------------
Finished RTL Optimization Phase 2 : Time (s): cpu = 00:00:19 ; elapsed = 00:00:24 . Memory (MB): peak = 1135.273 ; gain = 643.730
---------------------------------------------------------------------------------
---------------------------------------------------------------------------------
Start RTL Component Statistics 
---------------------------------------------------------------------------------
Detailed RTL Component Info : 
+---Registers : 
	                1 Bit    Registers := 2     
---------------------------------------------------------------------------------
Finished RTL Component Statistics 
---------------------------------------------------------------------------------
---------------------------------------------------------------------------------
Start Part Resource Summary
---------------------------------------------------------------------------------
Part Resources:
DSPs: 120 (col length:60)
BRAMs: 150 (col length: RAMB18 60 RAMB36 30)
---------------------------------------------------------------------------------
Finished Part Resource Summary
---------------------------------------------------------------------------------
---------------------------------------------------------------------------------
Start Cross Boundary and Area Optimization
---------------------------------------------------------------------------------
WARNING: [Synth 8-7080] Parallel synthesis criteria is not met
---------------------------------------------------------------------------------
Finished Cross Boundary and Area Optimization : Time (s): cpu = 00:00:22 ; elapsed = 00:00:26 . Memory (MB): peak = 1135.273 ; gain = 643.730
---------------------------------------------------------------------------------
---------------------------------------------------------------------------------
Start Applying XDC Timing Constraints
---------------------------------------------------------------------------------
---------------------------------------------------------------------------------
Finished Applying XDC Timing Constraints : Time (s): cpu = 00:00:29 ; elapsed = 00:00:34 . Memory (MB): peak = 1253.715 ; gain = 762.172
---------------------------------------------------------------------------------
---------------------------------------------------------------------------------
Start Timing Optimization
---------------------------------------------------------------------------------
---------------------------------------------------------------------------------
Finished Timing Optimization : Time (s): cpu = 00:00:29 ; elapsed = 00:00:34 . Memory (MB): peak = 1253.789 ; gain = 762.246
---------------------------------------------------------------------------------
---------------------------------------------------------------------------------
Start Technology Mapping
---------------------------------------------------------------------------------
---------------------------------------------------------------------------------
Finished Technology Mapping : Time (s): cpu = 00:00:29 ; elapsed = 00:00:34 . Memory (MB): peak = 1263.895 ; gain = 772.352
---------------------------------------------------------------------------------
---------------------------------------------------------------------------------
Start IO Insertion
---------------------------------------------------------------------------------
---------------------------------------------------------------------------------
Start Flattening Before IO Insertion
---------------------------------------------------------------------------------
---------------------------------------------------------------------------------
Finished Flattening Before IO Insertion
---------------------------------------------------------------------------------
---------------------------------------------------------------------------------
Start Final Netlist Cleanup
---------------------------------------------------------------------------------
---------------------------------------------------------------------------------
Finished Final Netlist Cleanup
---------------------------------------------------------------------------------
---------------------------------------------------------------------------------
Finished IO Insertion : Time (s): cpu = 00:00:34 ; elapsed = 00:00:39 . Memory (MB): peak = 1480.641 ; gain = 989.098
---------------------------------------------------------------------------------
---------------------------------------------------------------------------------
Start Renaming Generated Instances
---------------------------------------------------------------------------------
---------------------------------------------------------------------------------
Finished Renaming Generated Instances : Time (s): cpu = 00:00:34 ; elapsed = 00:00:39 . Memory (MB): peak = 1480.641 ; gain = 989.098
---------------------------------------------------------------------------------
---------------------------------------------------------------------------------
Start Rebuilding User Hierarchy
---------------------------------------------------------------------------------
---------------------------------------------------------------------------------
Finished Rebuilding User Hierarchy : Time (s): cpu = 00:00:34 ; elapsed = 00:00:39 . Memory (MB): peak = 1480.641 ; gain = 989.098
---------------------------------------------------------------------------------
---------------------------------------------------------------------------------
Start Renaming Generated Ports
---------------------------------------------------------------------------------
---------------------------------------------------------------------------------
Finished Renaming Generated Ports : Time (s): cpu = 00:00:34 ; elapsed = 00:00:39 . Memory (MB): peak = 1480.641 ; gain = 989.098
---------------------------------------------------------------------------------
---------------------------------------------------------------------------------
Start Handling Custom Attributes
---------------------------------------------------------------------------------
---------------------------------------------------------------------------------
Finished Handling Custom Attributes : Time (s): cpu = 00:00:34 ; elapsed = 00:00:39 . Memory (MB): peak = 1480.641 ; gain = 989.098
---------------------------------------------------------------------------------
---------------------------------------------------------------------------------
Start Renaming Generated Nets
---------------------------------------------------------------------------------
---------------------------------------------------------------------------------
Finished Renaming Generated Nets : Time (s): cpu = 00:00:34 ; elapsed = 00:00:39 . Memory (MB): peak = 1480.641 ; gain = 989.098
---------------------------------------------------------------------------------
---------------------------------------------------------------------------------
Start Writing Synthesis Report
---------------------------------------------------------------------------------

Report BlackBoxes: 
+-+--------------+----------+
| |BlackBox name |Instances |
+-+--------------+----------+
+-+--------------+----------+

Report Cell Usage: 
+------+-----+------+
|      |Cell |Count |
+------+-----+------+
|1     |LUT2 |     3|
|2     |LUT3 |     4|
|3     |FDRE |     2|
+------+-----+------+
---------------------------------------------------------------------------------
Finished Writing Synthesis Report : Time (s): cpu = 00:00:34 ; elapsed = 00:00:39 . Memory (MB): peak = 1480.641 ; gain = 989.098
---------------------------------------------------------------------------------
Synthesis finished with 0 errors, 0 critical warnings and 606 warnings.
Synthesis Optimization Runtime : Time (s): cpu = 00:00:22 ; elapsed = 00:00:37 . Memory (MB): peak = 1480.641 ; gain = 926.461
Synthesis Optimization Complete : Time (s): cpu = 00:00:34 ; elapsed = 00:00:39 . Memory (MB): peak = 1480.641 ; gain = 989.098
INFO: [Project 1-571] Translating synthesized netlist
Netlist sorting complete. Time (s): cpu = 00:00:00 ; elapsed = 00:00:00.005 . Memory (MB): peak = 1480.641 ; gain = 0.000
INFO: [Project 1-570] Preparing netlist for logic optimization
INFO: [Opt 31-138] Pushed 0 inverter(s) to 0 load pin(s).
Netlist sorting complete. Time (s): cpu = 00:00:00 ; elapsed = 00:00:00 . Memory (MB): peak = 1480.641 ; gain = 0.000
INFO: [Project 1-111] Unisim Transformation Summary:
No Unisim elements were transformed.

Synth Design complete | Checksum: ed922697
INFO: [Common 17-83] Releasing license: Synthesis
31 Infos, 102 Warnings, 0 Critical Warnings and 0 Errors encountered.
synth_design completed successfully
synth_design: Time (s): cpu = 00:00:39 ; elapsed = 00:00:45 . Memory (MB): peak = 1480.641 ; gain = 1157.070
Write ShapeDB Complete: Time (s): cpu = 00:00:00 ; elapsed = 00:00:00.007 . Memory (MB): peak = 1480.641 ; gain = 0.000
INFO: [Common 17-1381] The checkpoint 'C:/Users/alexj/Downloads/Soc_FinalProject-Task2/project_2.xpr/project_2/project_2.runs/design_1_dlmb_bram_if_cntlr_0_synth_1/design_1_dlmb_bram_if_cntlr_0.dcp' has been generated.
INFO: [Coretcl 2-1648] Added synthesis output to IP cache for IP design_1_dlmb_bram_if_cntlr_0, cache-ID = cf7f5fbd298521b2
Write ShapeDB Complete: Time (s): cpu = 00:00:00 ; elapsed = 00:00:00.001 . Memory (MB): peak = 1480.641 ; gain = 0.000
INFO: [Common 17-1381] The checkpoint 'C:/Users/alexj/Downloads/Soc_FinalProject-Task2/project_2.xpr/project_2/project_2.runs/design_1_dlmb_bram_if_cntlr_0_synth_1/design_1_dlmb_bram_if_cntlr_0.dcp' has been generated.
INFO: [Vivado 12-24828] Executing command : report_utilization -file design_1_dlmb_bram_if_cntlr_0_utilization_synth.rpt -pb design_1_dlmb_bram_if_cntlr_0_utilization_synth.pb
INFO: [Common 17-206] Exiting Vivado at Tue Apr 22 02:43:02 2025...
