#-----------------------------------------------------------
# Vivado v2024.2 (64-bit)
# SW Build 5239630 on Fri Nov 08 22:35:27 MST 2024
# IP Build 5239520 on Sun Nov 10 16:12:51 MST 2024
# SharedData Build 5239561 on Fri Nov 08 14:39:27 MST 2024
# Start of session at: Mon Apr 21 16:16:07 2025
# Process ID         : 19004
# Current directory  : C:/Users/kurti/AppData/Roaming/Xilinx/Vivado
# Command line       : vivado.exe -gui_launcher_event rodinguilauncherevent16160
# Log file           : C:/Users/kurti/AppData/Roaming/Xilinx/Vivado/vivado.log
# Journal file       : C:/Users/kurti/AppData/Roaming/Xilinx/Vivado\vivado.jou
# Running On         : Burt
# Platform           : Windows Server 2016 or Windows 10
# Operating System   : 26100
# Processor Detail   : 12th Gen Intel(R) Core(TM) i7-1255U
# CPU Frequency      : 2611 MHz
# CPU Physical cores : 10
# CPU Logical cores  : 12
# Host memory        : 16995 MB
# Swap memory        : 1073 MB
# Total Virtual      : 18069 MB
# Available Virtual  : 6608 MB
#-----------------------------------------------------------
start_gui
open_project C:/Users/kurti/Downloads/Soc_FinalProject/project_2.xpr/project_2/project_2.xpr
Scanning sources...
Finished scanning sources
INFO: [IP_Flow 19-234] Refreshing IP repositories
INFO: [IP_Flow 19-1700] Loaded user IP repository 'c:/Users/kurti/Downloads/Soc_FinalProject/project_2.xpr/project_2/project_2.ipdefs/ip_repo'.
INFO: [IP_Flow 19-1700] Loaded user IP repository 'c:/Users/kurti/Downloads/Soc_FinalProject/project_2.xpr/project_2/project_2.ipdefs/pong_ip2'.
INFO: [IP_Flow 19-1700] Loaded user IP repository 'c:/Users/kurti/Downloads/Soc_FinalProject/project_2.xpr/project_2/project_2.ipdefs/apb_ip'.
INFO: [IP_Flow 19-2313] Loaded Vivado IP repository 'C:/Xilinx/Vivado/2024.2/data/ip'.
INFO: [Project 1-5579] Found utility IPs instantiated in one or more block designs which have equivalent inline hdl with improved performance and reduced diskspace. It is recommended to migrate these utility IPs to inline hdl using the command upgrade_project -migrate_to_inline_hdl. The utility IPs may be deprecated in future releases. More information on inline hdl is available in UG994.
open_project: Time (s): cpu = 00:01:02 ; elapsed = 00:00:31 . Memory (MB): peak = 1166.312 ; gain = 136.445
update_compile_order -fileset sources_1
archive_project C:/Users/kurti/Downloads/Soc_FinalProject/project_2.xpr/project_2.xpr.zip -temp_dir C:/Users/kurti/AppData/Roaming/Xilinx/Vivado/.Xil/Vivado-19004-Burt -force -exclude_run_results -include_local_ip_cache
INFO: [Coretcl 2-137] starting archive...
INFO: [Coretcl 2-1499] Saving project copy to temporary location 'C:/Users/kurti/AppData/Roaming/Xilinx/Vivado/.Xil/Vivado-19004-Burt' for archiving project
Scanning sources...
Finished scanning sources
INFO: [IP_Flow 19-234] Refreshing IP repositories
INFO: [IP_Flow 19-1700] Loaded user IP repository 'c:/Users/kurti/Downloads/Soc_FinalProject/project_2.xpr/project_2/project_2.ipdefs/ip_repo'.
INFO: [IP_Flow 19-1700] Loaded user IP repository 'c:/Users/kurti/Downloads/Soc_FinalProject/project_2.xpr/project_2/project_2.ipdefs/pong_ip2'.
INFO: [IP_Flow 19-1700] Loaded user IP repository 'c:/Users/kurti/Downloads/Soc_FinalProject/project_2.xpr/project_2/project_2.ipdefs/apb_ip'.
INFO: [IP_Flow 19-2313] Loaded Vivado IP repository 'C:/Xilinx/Vivado/2024.2/data/ip'.
INFO: [Project 1-5579] Found utility IPs instantiated in one or more block designs which have equivalent inline hdl with improved performance and reduced diskspace. It is recommended to migrate these utility IPs to inline hdl using the command upgrade_project -migrate_to_inline_hdl. The utility IPs may be deprecated in future releases. More information on inline hdl is available in UG994.
INFO: [Coretcl 2-1211] Creating project copy for archival...
WARNING: [IP_Flow 19-4995] The host OS only allows 260 characters in a normal path. The IP cache path is more than 80 characters. If you experience issues with IP caching, please consider changing the IP cache to a location with a shorter path. Alternately consider using the OS subst command to map part of the path to a drive letter. 
Current IP cache path is C:/Users/kurti/AppData/Roaming/Xilinx/Vivado/.Xil/Vivado-19004-Burt/PrjAr/_X_/project_2.cache/ip 
INFO: [Coretcl 2-135] resetting runs for excluding generated files from archive...
WARNING: [Coretcl 2-105] Run 'synth_1' is currently active
INFO: [Coretcl 2-133] resetting run 'synth_1'...
INFO: [Project 1-1161] Replacing file C:/Users/kurti/AppData/Roaming/Xilinx/Vivado/.Xil/Vivado-19004-Burt/PrjAr/_X_/project_2.srcs/utils_1/imports/synth_1/design_1_wrapper.dcp with file C:/Users/kurti/AppData/Roaming/Xilinx/Vivado/.Xil/Vivado-19004-Burt/PrjAr/_X_/project_2.runs/synth_1/design_1_wrapper.dcp
WARNING: [Coretcl 2-105] Run 'design_1_myip_pong2_0_0_synth_1' is currently active
INFO: [Coretcl 2-133] resetting run 'design_1_myip_pong2_0_0_synth_1'...
WARNING: [Coretcl 2-105] Run 'design_1_apb_led_ctl_0_3_synth_1' is currently active
INFO: [Coretcl 2-133] resetting run 'design_1_apb_led_ctl_0_3_synth_1'...
WARNING: [Coretcl 2-105] Run 'design_1_axi_timer_0_0_synth_1' is currently active
INFO: [Coretcl 2-133] resetting run 'design_1_axi_timer_0_0_synth_1'...
INFO: [Coretcl 2-133] resetting run 'impl_1'...
INFO: [Coretcl 2-133] resetting run 'design_1_myip_pong2_0_0_impl_1'...
INFO: [Coretcl 2-133] resetting run 'design_1_apb_led_ctl_0_3_impl_1'...
INFO: [Coretcl 2-133] resetting run 'design_1_axi_timer_0_0_impl_1'...
INFO: [Coretcl 2-1212] Importing remotely added design sources and verilog include files (if any)...
INFO: [filemgmt 20-334] All file(s) are already imported in fileset: 'design_1_apb_led_ctl_0_3'
INFO: [filemgmt 20-348] Importing the appropriate files for fileset: 'design_1_apb_led_ctl_0_3'
INFO: [filemgmt 20-334] All file(s) are already imported in fileset: 'design_1_axi_timer_0_0'
INFO: [filemgmt 20-348] Importing the appropriate files for fileset: 'design_1_axi_timer_0_0'
INFO: [filemgmt 20-334] All file(s) are already imported in fileset: 'design_1_myip_pong2_0_0'
INFO: [filemgmt 20-348] Importing the appropriate files for fileset: 'design_1_myip_pong2_0_0'
INFO: [filemgmt 20-334] All file(s) are already imported in fileset: 'constrs_1'
INFO: [filemgmt 20-348] Importing the appropriate files for fileset: 'constrs_1'
INFO: [filemgmt 20-348] Importing the appropriate files for fileset: 'sources_1'
INFO: [filemgmt 20-334] All file(s) are already imported in fileset: 'utils_1'
INFO: [filemgmt 20-348] Importing the appropriate files for fileset: 'utils_1'
