Copyright 1986-2022 Xilinx, Inc. All Rights Reserved. Copyright 2022-2024 Advanced Micro Devices, Inc. All Rights Reserved.
---------------------------------------------------------------------------------------------------------------------------------------------
| Tool Version : Vivado v.2024.2 (win64) Build 5239630 Fri Nov 08 22:35:27 MST 2024
| Date         : Mon Feb 24 01:57:29 2025
| Host         : bipe_surface_v2 running 64-bit major release  (build 9200)
| Command      : upgrade_ip
| Device       : xc7s50csga324-1
---------------------------------------------------------------------------------------------------------------------------------------------

Upgrade Log for IP 'design_1_apb_led_ctl_0_2'

1. Summary
----------

CAUTION (success, with warnings) in the upgrade of design_1_apb_led_ctl_0_2 (xilinx.com:user:apb_led_ctl:1.0) from (Rev. 2) to (Rev. 1)

2. Interface Information
------------------------

Detected external interface differences while upgrading 'design_1_apb_led_ctl_0_2'.


-Upgrade has removed interface 'interface_apb'


3. Addressing Information
-------------------------

Detected addressing differences while upgrading 'design_1_apb_led_ctl_0_2'. These changes may impact your design.


-Upgrade has removed address block 'interface_apb/interface_apb'







Copyright 1986-2022 Xilinx, Inc. All Rights Reserved. Copyright 2022-2024 Advanced Micro Devices, Inc. All Rights Reserved.
---------------------------------------------------------------------------------------------------------------------------------------------
| Tool Version : Vivado v.2024.2 (win64) Build 5239630 Fri Nov 08 22:35:27 MST 2024
| Date         : Mon Feb 24 01:54:24 2025
| Host         : bipe_surface_v2 running 64-bit major release  (build 9200)
| Command      : upgrade_ip
| Device       : xc7s50csga324-1
---------------------------------------------------------------------------------------------------------------------------------------------

Upgrade Log for IP 'myip_pong2_1'

1. Summary
----------

SUCCESS in the update of myip_pong2_1 (xilinx.com:user:myip_pong2:1.0 (Rev. 1)) to current project options.






Copyright 1986-2022 Xilinx, Inc. All Rights Reserved. Copyright 2022-2024 Advanced Micro Devices, Inc. All Rights Reserved.
---------------------------------------------------------------------------------------------------------------------------------------------
| Tool Version : Vivado v.2024.2 (win64) Build 5239630 Fri Nov 08 22:35:27 MST 2024
| Date         : Mon Feb 24 01:54:22 2025
| Host         : bipe_surface_v2 running 64-bit major release  (build 9200)
| Command      : upgrade_ip
| Device       : xc7s50csga324-1
---------------------------------------------------------------------------------------------------------------------------------------------

Upgrade Log for IP 'myip_pong2_0'

1. Summary
----------

SUCCESS in the update of myip_pong2_0 (xilinx.com:user:myip_pong2:1.0 (Rev. 1)) to current project options.






Copyright 1986-2022 Xilinx, Inc. All Rights Reserved. Copyright 2022-2024 Advanced Micro Devices, Inc. All Rights Reserved.
---------------------------------------------------------------------------------------------------------------------------------------------
| Tool Version : Vivado v.2024.2 (win64) Build 5239630 Fri Nov 08 22:35:27 MST 2024
| Date         : Mon Feb 24 01:54:21 2025
| Host         : bipe_surface_v2 running 64-bit major release  (build 9200)
| Command      : upgrade_ip
| Device       : xc7s50csga324-1
---------------------------------------------------------------------------------------------------------------------------------------------

Upgrade Log for IP 'design_1_myip_pong2_0_0'

1. Summary
----------

SUCCESS in the update of design_1_myip_pong2_0_0 (xilinx.com:user:myip_pong2:1.0 (Rev. 1)) to current project options.






Copyright 1986-2022 Xilinx, Inc. All Rights Reserved. Copyright 2022-2024 Advanced Micro Devices, Inc. All Rights Reserved.
---------------------------------------------------------------------------------------------------------------------------------------------
| Tool Version : Vivado v.2024.2 (win64) Build 5239630 Fri Nov 08 22:35:27 MST 2024
| Date         : Sun Feb 23 19:38:47 2025
| Host         : bipe_surface_v2 running 64-bit major release  (build 9200)
| Command      : upgrade_ip
| Device       : xc7s50csga324-1
---------------------------------------------------------------------------------------------------------------------------------------------

Upgrade Log for IP 'design_1_apb_led_ctl_0_0'

1. Summary
----------

CAUTION (success, with warnings) in the upgrade of design_1_apb_led_ctl_0_0 (xilinx.com:user:apb_led_ctl:1.0) from (Rev. 2) to (Rev. 1)

2. Interface Information
------------------------

Detected external interface differences while upgrading 'design_1_apb_led_ctl_0_0'.


-Upgrade has removed interface 'interface_apb'


3. Addressing Information
-------------------------

Detected addressing differences while upgrading 'design_1_apb_led_ctl_0_0'. These changes may impact your design.


-Upgrade has removed address block 'interface_apb/int_apb'







Copyright 1986-2022 Xilinx, Inc. All Rights Reserved. Copyright 2022-2024 Advanced Micro Devices, Inc. All Rights Reserved.
---------------------------------------------------------------------------------------------------------------------------------------------
| Tool Version : Vivado v.2024.2 (win64) Build 5239630 Fri Nov 08 22:35:27 MST 2024
| Date         : Sun Feb 23 19:04:53 2025
| Host         : bipe_surface_v2 running 64-bit major release  (build 9200)
| Command      : upgrade_ip
| Device       : xc7s50csga324-1
---------------------------------------------------------------------------------------------------------------------------------------------

Upgrade Log for IP 'design_1_myip_pong2_0_1'

1. Summary
----------

SUCCESS in the update of design_1_myip_pong2_0_1 (xilinx.com:user:myip_pong2:1.0 (Rev. 1)) to current project options.






Copyright 1986-2022 Xilinx, Inc. All Rights Reserved. Copyright 2022-2024 Advanced Micro Devices, Inc. All Rights Reserved.
---------------------------------------------------------------------------------------------------------------------------------------------
| Tool Version : Vivado v.2024.2 (win64) Build 5239630 Fri Nov 08 22:35:27 MST 2024
| Date         : Sun Feb 23 18:38:30 2025
| Host         : bipe_surface_v2 running 64-bit major release  (build 9200)
| Command      : upgrade_ip
| Device       : xc7s50csga324-1
---------------------------------------------------------------------------------------------------------------------------------------------

Upgrade Log for IP 'design_1_myip_pong2_0_1'

1. Summary
----------

SUCCESS in the update of design_1_myip_pong2_0_1 (xilinx.com:user:myip_pong2:1.0 (Rev. 1)) to current project options.

